The system is: Linux - 2.6.32-696.30.1.el6.x86_64 - x86_64
Compiling the C compiler identification source file "CMakeCCompilerId.c" succeeded.
Compiler: /cvmfs/sft.cern.ch/lcg/contrib/gcc/6.2/x86_64-slc6/bin/gcc 
Build flags: 
Id flags:  

The output was:
0


Compilation of the C compiler identification source "CMakeCCompilerId.c" produced "a.out"

The C compiler identification is GNU, found in "/home/daniellee1004/Geant/CMakeFiles/3.8.2/CompilerIdC/a.out"

Compiling the CXX compiler identification source file "CMakeCXXCompilerId.cpp" succeeded.
Compiler: /cvmfs/sft.cern.ch/lcg/contrib/gcc/6.2/x86_64-slc6/bin/g++ 
Build flags: 
Id flags:  

The output was:
0


Compilation of the CXX compiler identification source "CMakeCXXCompilerId.cpp" produced "a.out"

The CXX compiler identification is GNU, found in "/home/daniellee1004/Geant/CMakeFiles/3.8.2/CompilerIdCXX/a.out"

Determining if the C compiler works passed with the following output:
Change Dir: /home/daniellee1004/Geant/CMakeFiles/CMakeTmp

Run Build Command:"/cvmfs/cms.cern.ch/slc6_amd64_gcc630/cms/cmssw/CMSSW_9_4_4/external/slc6_amd64_gcc630/bin/gmake" "cmTC_38e1c/fast"
/cvmfs/cms.cern.ch/slc6_amd64_gcc630/cms/cmssw/CMSSW_9_4_4/external/slc6_amd64_gcc630/bin/gmake -f CMakeFiles/cmTC_38e1c.dir/build.make CMakeFiles/cmTC_38e1c.dir/build
gmake[1]: Entering directory '/home/daniellee1004/Geant/CMakeFiles/CMakeTmp'
Building C object CMakeFiles/cmTC_38e1c.dir/testCCompiler.c.o
/cvmfs/sft.cern.ch/lcg/contrib/gcc/6.2/x86_64-slc6/bin/gcc    -o CMakeFiles/cmTC_38e1c.dir/testCCompiler.c.o   -c /home/daniellee1004/Geant/CMakeFiles/CMakeTmp/testCCompiler.c
Linking C executable cmTC_38e1c
/cvmfs/sft.cern.ch/lcg/releases/CMake/3.8.2-ece19/x86_64-slc6-gcc62-opt/bin/cmake -E cmake_link_script CMakeFiles/cmTC_38e1c.dir/link.txt --verbose=1
/cvmfs/sft.cern.ch/lcg/contrib/gcc/6.2/x86_64-slc6/bin/gcc      -rdynamic CMakeFiles/cmTC_38e1c.dir/testCCompiler.c.o  -o cmTC_38e1c 
gmake[1]: Leaving directory '/home/daniellee1004/Geant/CMakeFiles/CMakeTmp'


Detecting C compiler ABI info compiled with the following output:
Change Dir: /home/daniellee1004/Geant/CMakeFiles/CMakeTmp

Run Build Command:"/cvmfs/cms.cern.ch/slc6_amd64_gcc630/cms/cmssw/CMSSW_9_4_4/external/slc6_amd64_gcc630/bin/gmake" "cmTC_0a7b5/fast"
/cvmfs/cms.cern.ch/slc6_amd64_gcc630/cms/cmssw/CMSSW_9_4_4/external/slc6_amd64_gcc630/bin/gmake -f CMakeFiles/cmTC_0a7b5.dir/build.make CMakeFiles/cmTC_0a7b5.dir/build
gmake[1]: Entering directory '/home/daniellee1004/Geant/CMakeFiles/CMakeTmp'
Building C object CMakeFiles/cmTC_0a7b5.dir/CMakeCCompilerABI.c.o
/cvmfs/sft.cern.ch/lcg/contrib/gcc/6.2/x86_64-slc6/bin/gcc    -o CMakeFiles/cmTC_0a7b5.dir/CMakeCCompilerABI.c.o   -c /cvmfs/sft.cern.ch/lcg/releases/CMake/3.8.2-ece19/x86_64-slc6-gcc62-opt/share/cmake-3.8/Modules/CMakeCCompilerABI.c
Linking C executable cmTC_0a7b5
/cvmfs/sft.cern.ch/lcg/releases/CMake/3.8.2-ece19/x86_64-slc6-gcc62-opt/bin/cmake -E cmake_link_script CMakeFiles/cmTC_0a7b5.dir/link.txt --verbose=1
/cvmfs/sft.cern.ch/lcg/contrib/gcc/6.2/x86_64-slc6/bin/gcc     -v -rdynamic CMakeFiles/cmTC_0a7b5.dir/CMakeCCompilerABI.c.o  -o cmTC_0a7b5 
Using built-in specs.
COLLECT_GCC=/cvmfs/sft.cern.ch/lcg/contrib/gcc/6.2/x86_64-slc6/bin/gcc
COLLECT_LTO_WRAPPER=/cvmfs/sft.cern.ch/lcg/contrib/gcc/6.2.0native/x86_64-slc6/bin/../libexec/gcc/x86_64-pc-linux-gnu/6.2.0/lto-wrapper
Target: x86_64-pc-linux-gnu
Configured with: ../gcc-6.2.0/configure --prefix=/build/pmendez-sftnight/install-620local -with-system-zlib --disable-multilib --enable-languages=all
Thread model: posix
gcc version 6.2.0 (GCC) 
COMPILER_PATH=/cvmfs/sft.cern.ch/lcg/contrib/gcc/6.2.0native/x86_64-slc6/bin/../libexec/gcc/x86_64-pc-linux-gnu/6.2.0/:/cvmfs/sft.cern.ch/lcg/contrib/gcc/6.2.0native/x86_64-slc6/bin/../libexec/gcc/
LIBRARY_PATH=/cvmfs/sft.cern.ch/lcg/contrib/gcc/6.2.0native/x86_64-slc6/bin/../lib/gcc/x86_64-pc-linux-gnu/6.2.0/:/cvmfs/sft.cern.ch/lcg/contrib/gcc/6.2.0native/x86_64-slc6/bin/../lib/gcc/:/cvmfs/sft.cern.ch/lcg/contrib/gcc/6.2.0native/x86_64-slc6/bin/../lib/gcc/x86_64-pc-linux-gnu/6.2.0/../../../../lib64/:/lib/../lib64/:/usr/lib/../lib64/:/cvmfs/sft.cern.ch/lcg/contrib/gcc/6.2.0native/x86_64-slc6/bin/../lib/gcc/x86_64-pc-linux-gnu/6.2.0/../../../:/lib/:/usr/lib/
COLLECT_GCC_OPTIONS='-v' '-rdynamic' '-o' 'cmTC_0a7b5' '-mtune=generic' '-march=x86-64'
 /cvmfs/sft.cern.ch/lcg/contrib/gcc/6.2.0native/x86_64-slc6/bin/../libexec/gcc/x86_64-pc-linux-gnu/6.2.0/collect2 --eh-frame-hdr -m elf_x86_64 -export-dynamic -dynamic-linker /lib64/ld-linux-x86-64.so.2 -o cmTC_0a7b5 /usr/lib/../lib64/crt1.o /usr/lib/../lib64/crti.o /cvmfs/sft.cern.ch/lcg/contrib/gcc/6.2.0native/x86_64-slc6/bin/../lib/gcc/x86_64-pc-linux-gnu/6.2.0/crtbegin.o -L/cvmfs/sft.cern.ch/lcg/contrib/gcc/6.2.0native/x86_64-slc6/bin/../lib/gcc/x86_64-pc-linux-gnu/6.2.0 -L/cvmfs/sft.cern.ch/lcg/contrib/gcc/6.2.0native/x86_64-slc6/bin/../lib/gcc -L/cvmfs/sft.cern.ch/lcg/contrib/gcc/6.2.0native/x86_64-slc6/bin/../lib/gcc/x86_64-pc-linux-gnu/6.2.0/../../../../lib64 -L/lib/../lib64 -L/usr/lib/../lib64 -L/cvmfs/sft.cern.ch/lcg/contrib/gcc/6.2.0native/x86_64-slc6/bin/../lib/gcc/x86_64-pc-linux-gnu/6.2.0/../../.. CMakeFiles/cmTC_0a7b5.dir/CMakeCCompilerABI.c.o -lgcc --as-needed -lgcc_s --no-as-needed -lc -lgcc --as-needed -lgcc_s --no-as-needed /cvmfs/sft.cern.ch/lcg/contrib/gcc/6.2.0native/x86_64-slc6/bin/../lib/gcc/x86_64-pc-linux-gnu/6.2.0/crtend.o /usr/lib/../lib64/crtn.o
COLLECT_GCC_OPTIONS='-v' '-rdynamic' '-o' 'cmTC_0a7b5' '-mtune=generic' '-march=x86-64'
gmake[1]: Leaving directory '/home/daniellee1004/Geant/CMakeFiles/CMakeTmp'


Parsed C implicit link information from above output:
  link line regex: [^( *|.*[/\])(ld|([^/\]+-)?ld|collect2)[^/\]*( |$)]
  ignore line: [Change Dir: /home/daniellee1004/Geant/CMakeFiles/CMakeTmp]
  ignore line: []
  ignore line: [Run Build Command:"/cvmfs/cms.cern.ch/slc6_amd64_gcc630/cms/cmssw/CMSSW_9_4_4/external/slc6_amd64_gcc630/bin/gmake" "cmTC_0a7b5/fast"]
  ignore line: [/cvmfs/cms.cern.ch/slc6_amd64_gcc630/cms/cmssw/CMSSW_9_4_4/external/slc6_amd64_gcc630/bin/gmake -f CMakeFiles/cmTC_0a7b5.dir/build.make CMakeFiles/cmTC_0a7b5.dir/build]
  ignore line: [gmake[1]: Entering directory '/home/daniellee1004/Geant/CMakeFiles/CMakeTmp']
  ignore line: [Building C object CMakeFiles/cmTC_0a7b5.dir/CMakeCCompilerABI.c.o]
  ignore line: [/cvmfs/sft.cern.ch/lcg/contrib/gcc/6.2/x86_64-slc6/bin/gcc    -o CMakeFiles/cmTC_0a7b5.dir/CMakeCCompilerABI.c.o   -c /cvmfs/sft.cern.ch/lcg/releases/CMake/3.8.2-ece19/x86_64-slc6-gcc62-opt/share/cmake-3.8/Modules/CMakeCCompilerABI.c]
  ignore line: [Linking C executable cmTC_0a7b5]
  ignore line: [/cvmfs/sft.cern.ch/lcg/releases/CMake/3.8.2-ece19/x86_64-slc6-gcc62-opt/bin/cmake -E cmake_link_script CMakeFiles/cmTC_0a7b5.dir/link.txt --verbose=1]
  ignore line: [/cvmfs/sft.cern.ch/lcg/contrib/gcc/6.2/x86_64-slc6/bin/gcc     -v -rdynamic CMakeFiles/cmTC_0a7b5.dir/CMakeCCompilerABI.c.o  -o cmTC_0a7b5 ]
  ignore line: [Using built-in specs.]
  ignore line: [COLLECT_GCC=/cvmfs/sft.cern.ch/lcg/contrib/gcc/6.2/x86_64-slc6/bin/gcc]
  ignore line: [COLLECT_LTO_WRAPPER=/cvmfs/sft.cern.ch/lcg/contrib/gcc/6.2.0native/x86_64-slc6/bin/../libexec/gcc/x86_64-pc-linux-gnu/6.2.0/lto-wrapper]
  ignore line: [Target: x86_64-pc-linux-gnu]
  ignore line: [Configured with: ../gcc-6.2.0/configure --prefix=/build/pmendez-sftnight/install-620local -with-system-zlib --disable-multilib --enable-languages=all]
  ignore line: [Thread model: posix]
  ignore line: [gcc version 6.2.0 (GCC) ]
  ignore line: [COMPILER_PATH=/cvmfs/sft.cern.ch/lcg/contrib/gcc/6.2.0native/x86_64-slc6/bin/../libexec/gcc/x86_64-pc-linux-gnu/6.2.0/:/cvmfs/sft.cern.ch/lcg/contrib/gcc/6.2.0native/x86_64-slc6/bin/../libexec/gcc/]
  ignore line: [LIBRARY_PATH=/cvmfs/sft.cern.ch/lcg/contrib/gcc/6.2.0native/x86_64-slc6/bin/../lib/gcc/x86_64-pc-linux-gnu/6.2.0/:/cvmfs/sft.cern.ch/lcg/contrib/gcc/6.2.0native/x86_64-slc6/bin/../lib/gcc/:/cvmfs/sft.cern.ch/lcg/contrib/gcc/6.2.0native/x86_64-slc6/bin/../lib/gcc/x86_64-pc-linux-gnu/6.2.0/../../../../lib64/:/lib/../lib64/:/usr/lib/../lib64/:/cvmfs/sft.cern.ch/lcg/contrib/gcc/6.2.0native/x86_64-slc6/bin/../lib/gcc/x86_64-pc-linux-gnu/6.2.0/../../../:/lib/:/usr/lib/]
  ignore line: [COLLECT_GCC_OPTIONS='-v' '-rdynamic' '-o' 'cmTC_0a7b5' '-mtune=generic' '-march=x86-64']
  link line: [ /cvmfs/sft.cern.ch/lcg/contrib/gcc/6.2.0native/x86_64-slc6/bin/../libexec/gcc/x86_64-pc-linux-gnu/6.2.0/collect2 --eh-frame-hdr -m elf_x86_64 -export-dynamic -dynamic-linker /lib64/ld-linux-x86-64.so.2 -o cmTC_0a7b5 /usr/lib/../lib64/crt1.o /usr/lib/../lib64/crti.o /cvmfs/sft.cern.ch/lcg/contrib/gcc/6.2.0native/x86_64-slc6/bin/../lib/gcc/x86_64-pc-linux-gnu/6.2.0/crtbegin.o -L/cvmfs/sft.cern.ch/lcg/contrib/gcc/6.2.0native/x86_64-slc6/bin/../lib/gcc/x86_64-pc-linux-gnu/6.2.0 -L/cvmfs/sft.cern.ch/lcg/contrib/gcc/6.2.0native/x86_64-slc6/bin/../lib/gcc -L/cvmfs/sft.cern.ch/lcg/contrib/gcc/6.2.0native/x86_64-slc6/bin/../lib/gcc/x86_64-pc-linux-gnu/6.2.0/../../../../lib64 -L/lib/../lib64 -L/usr/lib/../lib64 -L/cvmfs/sft.cern.ch/lcg/contrib/gcc/6.2.0native/x86_64-slc6/bin/../lib/gcc/x86_64-pc-linux-gnu/6.2.0/../../.. CMakeFiles/cmTC_0a7b5.dir/CMakeCCompilerABI.c.o -lgcc --as-needed -lgcc_s --no-as-needed -lc -lgcc --as-needed -lgcc_s --no-as-needed /cvmfs/sft.cern.ch/lcg/contrib/gcc/6.2.0native/x86_64-slc6/bin/../lib/gcc/x86_64-pc-linux-gnu/6.2.0/crtend.o /usr/lib/../lib64/crtn.o]
    arg [/cvmfs/sft.cern.ch/lcg/contrib/gcc/6.2.0native/x86_64-slc6/bin/../libexec/gcc/x86_64-pc-linux-gnu/6.2.0/collect2] ==> ignore
    arg [--eh-frame-hdr] ==> ignore
    arg [-m] ==> ignore
    arg [elf_x86_64] ==> ignore
    arg [-export-dynamic] ==> ignore
    arg [-dynamic-linker] ==> ignore
    arg [/lib64/ld-linux-x86-64.so.2] ==> ignore
    arg [-o] ==> ignore
    arg [cmTC_0a7b5] ==> ignore
    arg [/usr/lib/../lib64/crt1.o] ==> ignore
    arg [/usr/lib/../lib64/crti.o] ==> ignore
    arg [/cvmfs/sft.cern.ch/lcg/contrib/gcc/6.2.0native/x86_64-slc6/bin/../lib/gcc/x86_64-pc-linux-gnu/6.2.0/crtbegin.o] ==> ignore
    arg [-L/cvmfs/sft.cern.ch/lcg/contrib/gcc/6.2.0native/x86_64-slc6/bin/../lib/gcc/x86_64-pc-linux-gnu/6.2.0] ==> dir [/cvmfs/sft.cern.ch/lcg/contrib/gcc/6.2.0native/x86_64-slc6/bin/../lib/gcc/x86_64-pc-linux-gnu/6.2.0]
    arg [-L/cvmfs/sft.cern.ch/lcg/contrib/gcc/6.2.0native/x86_64-slc6/bin/../lib/gcc] ==> dir [/cvmfs/sft.cern.ch/lcg/contrib/gcc/6.2.0native/x86_64-slc6/bin/../lib/gcc]
    arg [-L/cvmfs/sft.cern.ch/lcg/contrib/gcc/6.2.0native/x86_64-slc6/bin/../lib/gcc/x86_64-pc-linux-gnu/6.2.0/../../../../lib64] ==> dir [/cvmfs/sft.cern.ch/lcg/contrib/gcc/6.2.0native/x86_64-slc6/bin/../lib/gcc/x86_64-pc-linux-gnu/6.2.0/../../../../lib64]
    arg [-L/lib/../lib64] ==> dir [/lib/../lib64]
    arg [-L/usr/lib/../lib64] ==> dir [/usr/lib/../lib64]
    arg [-L/cvmfs/sft.cern.ch/lcg/contrib/gcc/6.2.0native/x86_64-slc6/bin/../lib/gcc/x86_64-pc-linux-gnu/6.2.0/../../..] ==> dir [/cvmfs/sft.cern.ch/lcg/contrib/gcc/6.2.0native/x86_64-slc6/bin/../lib/gcc/x86_64-pc-linux-gnu/6.2.0/../../..]
    arg [CMakeFiles/cmTC_0a7b5.dir/CMakeCCompilerABI.c.o] ==> ignore
    arg [-lgcc] ==> lib [gcc]
    arg [--as-needed] ==> ignore
    arg [-lgcc_s] ==> lib [gcc_s]
    arg [--no-as-needed] ==> ignore
    arg [-lc] ==> lib [c]
    arg [-lgcc] ==> lib [gcc]
    arg [--as-needed] ==> ignore
    arg [-lgcc_s] ==> lib [gcc_s]
    arg [--no-as-needed] ==> ignore
    arg [/cvmfs/sft.cern.ch/lcg/contrib/gcc/6.2.0native/x86_64-slc6/bin/../lib/gcc/x86_64-pc-linux-gnu/6.2.0/crtend.o] ==> ignore
    arg [/usr/lib/../lib64/crtn.o] ==> ignore
  remove lib [gcc]
  remove lib [gcc_s]
  remove lib [gcc]
  remove lib [gcc_s]
  collapse library dir [/cvmfs/sft.cern.ch/lcg/contrib/gcc/6.2.0native/x86_64-slc6/bin/../lib/gcc/x86_64-pc-linux-gnu/6.2.0] ==> [/cvmfs/sft.cern.ch/lcg/contrib/gcc/6.2.0native/x86_64-slc6/lib/gcc/x86_64-pc-linux-gnu/6.2.0]
  collapse library dir [/cvmfs/sft.cern.ch/lcg/contrib/gcc/6.2.0native/x86_64-slc6/bin/../lib/gcc] ==> [/cvmfs/sft.cern.ch/lcg/contrib/gcc/6.2.0native/x86_64-slc6/lib/gcc]
  collapse library dir [/cvmfs/sft.cern.ch/lcg/contrib/gcc/6.2.0native/x86_64-slc6/bin/../lib/gcc/x86_64-pc-linux-gnu/6.2.0/../../../../lib64] ==> [/cvmfs/sft.cern.ch/lcg/contrib/gcc/6.2.0native/x86_64-slc6/lib64]
  collapse library dir [/lib/../lib64] ==> [/lib64]
  collapse library dir [/usr/lib/../lib64] ==> [/usr/lib64]
  collapse library dir [/cvmfs/sft.cern.ch/lcg/contrib/gcc/6.2.0native/x86_64-slc6/bin/../lib/gcc/x86_64-pc-linux-gnu/6.2.0/../../..] ==> [/cvmfs/sft.cern.ch/lcg/contrib/gcc/6.2.0native/x86_64-slc6/lib]
  implicit libs: [c]
  implicit dirs: [/cvmfs/sft.cern.ch/lcg/contrib/gcc/6.2.0native/x86_64-slc6/lib/gcc/x86_64-pc-linux-gnu/6.2.0;/cvmfs/sft.cern.ch/lcg/contrib/gcc/6.2.0native/x86_64-slc6/lib/gcc;/cvmfs/sft.cern.ch/lcg/contrib/gcc/6.2.0native/x86_64-slc6/lib64;/lib64;/usr/lib64;/cvmfs/sft.cern.ch/lcg/contrib/gcc/6.2.0native/x86_64-slc6/lib]
  implicit fwks: []




Detecting C [-std=c11] compiler features compiled with the following output:
Change Dir: /home/daniellee1004/Geant/CMakeFiles/CMakeTmp

Run Build Command:"/cvmfs/cms.cern.ch/slc6_amd64_gcc630/cms/cmssw/CMSSW_9_4_4/external/slc6_amd64_gcc630/bin/gmake" "cmTC_ecd41/fast"
/cvmfs/cms.cern.ch/slc6_amd64_gcc630/cms/cmssw/CMSSW_9_4_4/external/slc6_amd64_gcc630/bin/gmake -f CMakeFiles/cmTC_ecd41.dir/build.make CMakeFiles/cmTC_ecd41.dir/build
gmake[1]: Entering directory '/home/daniellee1004/Geant/CMakeFiles/CMakeTmp'
Building C object CMakeFiles/cmTC_ecd41.dir/feature_tests.c.o
/cvmfs/sft.cern.ch/lcg/contrib/gcc/6.2/x86_64-slc6/bin/gcc   -std=c11 -o CMakeFiles/cmTC_ecd41.dir/feature_tests.c.o   -c /home/daniellee1004/Geant/CMakeFiles/feature_tests.c
Linking C executable cmTC_ecd41
/cvmfs/sft.cern.ch/lcg/releases/CMake/3.8.2-ece19/x86_64-slc6-gcc62-opt/bin/cmake -E cmake_link_script CMakeFiles/cmTC_ecd41.dir/link.txt --verbose=1
/cvmfs/sft.cern.ch/lcg/contrib/gcc/6.2/x86_64-slc6/bin/gcc      -rdynamic CMakeFiles/cmTC_ecd41.dir/feature_tests.c.o  -o cmTC_ecd41 
gmake[1]: Leaving directory '/home/daniellee1004/Geant/CMakeFiles/CMakeTmp'


    Feature record: C_FEATURE:1c_function_prototypes
    Feature record: C_FEATURE:1c_restrict
    Feature record: C_FEATURE:1c_static_assert
    Feature record: C_FEATURE:1c_variadic_macros


Detecting C [-std=c99] compiler features compiled with the following output:
Change Dir: /home/daniellee1004/Geant/CMakeFiles/CMakeTmp

Run Build Command:"/cvmfs/cms.cern.ch/slc6_amd64_gcc630/cms/cmssw/CMSSW_9_4_4/external/slc6_amd64_gcc630/bin/gmake" "cmTC_9f7e7/fast"
/cvmfs/cms.cern.ch/slc6_amd64_gcc630/cms/cmssw/CMSSW_9_4_4/external/slc6_amd64_gcc630/bin/gmake -f CMakeFiles/cmTC_9f7e7.dir/build.make CMakeFiles/cmTC_9f7e7.dir/build
gmake[1]: Entering directory '/home/daniellee1004/Geant/CMakeFiles/CMakeTmp'
Building C object CMakeFiles/cmTC_9f7e7.dir/feature_tests.c.o
/cvmfs/sft.cern.ch/lcg/contrib/gcc/6.2/x86_64-slc6/bin/gcc   -std=c99 -o CMakeFiles/cmTC_9f7e7.dir/feature_tests.c.o   -c /home/daniellee1004/Geant/CMakeFiles/feature_tests.c
Linking C executable cmTC_9f7e7
/cvmfs/sft.cern.ch/lcg/releases/CMake/3.8.2-ece19/x86_64-slc6-gcc62-opt/bin/cmake -E cmake_link_script CMakeFiles/cmTC_9f7e7.dir/link.txt --verbose=1
/cvmfs/sft.cern.ch/lcg/contrib/gcc/6.2/x86_64-slc6/bin/gcc      -rdynamic CMakeFiles/cmTC_9f7e7.dir/feature_tests.c.o  -o cmTC_9f7e7 
gmake[1]: Leaving directory '/home/daniellee1004/Geant/CMakeFiles/CMakeTmp'


    Feature record: C_FEATURE:1c_function_prototypes
    Feature record: C_FEATURE:1c_restrict
    Feature record: C_FEATURE:0c_static_assert
    Feature record: C_FEATURE:1c_variadic_macros


Detecting C [-std=c90] compiler features compiled with the following output:
Change Dir: /home/daniellee1004/Geant/CMakeFiles/CMakeTmp

Run Build Command:"/cvmfs/cms.cern.ch/slc6_amd64_gcc630/cms/cmssw/CMSSW_9_4_4/external/slc6_amd64_gcc630/bin/gmake" "cmTC_eb1fa/fast"
/cvmfs/cms.cern.ch/slc6_amd64_gcc630/cms/cmssw/CMSSW_9_4_4/external/slc6_amd64_gcc630/bin/gmake -f CMakeFiles/cmTC_eb1fa.dir/build.make CMakeFiles/cmTC_eb1fa.dir/build
gmake[1]: Entering directory '/home/daniellee1004/Geant/CMakeFiles/CMakeTmp'
Building C object CMakeFiles/cmTC_eb1fa.dir/feature_tests.c.o
/cvmfs/sft.cern.ch/lcg/contrib/gcc/6.2/x86_64-slc6/bin/gcc   -std=c90 -o CMakeFiles/cmTC_eb1fa.dir/feature_tests.c.o   -c /home/daniellee1004/Geant/CMakeFiles/feature_tests.c
Linking C executable cmTC_eb1fa
/cvmfs/sft.cern.ch/lcg/releases/CMake/3.8.2-ece19/x86_64-slc6-gcc62-opt/bin/cmake -E cmake_link_script CMakeFiles/cmTC_eb1fa.dir/link.txt --verbose=1
/cvmfs/sft.cern.ch/lcg/contrib/gcc/6.2/x86_64-slc6/bin/gcc      -rdynamic CMakeFiles/cmTC_eb1fa.dir/feature_tests.c.o  -o cmTC_eb1fa 
gmake[1]: Leaving directory '/home/daniellee1004/Geant/CMakeFiles/CMakeTmp'


    Feature record: C_FEATURE:1c_function_prototypes
    Feature record: C_FEATURE:0c_restrict
    Feature record: C_FEATURE:0c_static_assert
    Feature record: C_FEATURE:0c_variadic_macros
Determining if the CXX compiler works passed with the following output:
Change Dir: /home/daniellee1004/Geant/CMakeFiles/CMakeTmp

Run Build Command:"/cvmfs/cms.cern.ch/slc6_amd64_gcc630/cms/cmssw/CMSSW_9_4_4/external/slc6_amd64_gcc630/bin/gmake" "cmTC_2c385/fast"
/cvmfs/cms.cern.ch/slc6_amd64_gcc630/cms/cmssw/CMSSW_9_4_4/external/slc6_amd64_gcc630/bin/gmake -f CMakeFiles/cmTC_2c385.dir/build.make CMakeFiles/cmTC_2c385.dir/build
gmake[1]: Entering directory '/home/daniellee1004/Geant/CMakeFiles/CMakeTmp'
Building CXX object CMakeFiles/cmTC_2c385.dir/testCXXCompiler.cxx.o
/cvmfs/sft.cern.ch/lcg/contrib/gcc/6.2/x86_64-slc6/bin/g++     -o CMakeFiles/cmTC_2c385.dir/testCXXCompiler.cxx.o -c /home/daniellee1004/Geant/CMakeFiles/CMakeTmp/testCXXCompiler.cxx
Linking CXX executable cmTC_2c385
/cvmfs/sft.cern.ch/lcg/releases/CMake/3.8.2-ece19/x86_64-slc6-gcc62-opt/bin/cmake -E cmake_link_script CMakeFiles/cmTC_2c385.dir/link.txt --verbose=1
/cvmfs/sft.cern.ch/lcg/contrib/gcc/6.2/x86_64-slc6/bin/g++       -rdynamic CMakeFiles/cmTC_2c385.dir/testCXXCompiler.cxx.o  -o cmTC_2c385 
gmake[1]: Leaving directory '/home/daniellee1004/Geant/CMakeFiles/CMakeTmp'


Detecting CXX compiler ABI info compiled with the following output:
Change Dir: /home/daniellee1004/Geant/CMakeFiles/CMakeTmp

Run Build Command:"/cvmfs/cms.cern.ch/slc6_amd64_gcc630/cms/cmssw/CMSSW_9_4_4/external/slc6_amd64_gcc630/bin/gmake" "cmTC_98163/fast"
/cvmfs/cms.cern.ch/slc6_amd64_gcc630/cms/cmssw/CMSSW_9_4_4/external/slc6_amd64_gcc630/bin/gmake -f CMakeFiles/cmTC_98163.dir/build.make CMakeFiles/cmTC_98163.dir/build
gmake[1]: Entering directory '/home/daniellee1004/Geant/CMakeFiles/CMakeTmp'
Building CXX object CMakeFiles/cmTC_98163.dir/CMakeCXXCompilerABI.cpp.o
/cvmfs/sft.cern.ch/lcg/contrib/gcc/6.2/x86_64-slc6/bin/g++     -o CMakeFiles/cmTC_98163.dir/CMakeCXXCompilerABI.cpp.o -c /cvmfs/sft.cern.ch/lcg/releases/CMake/3.8.2-ece19/x86_64-slc6-gcc62-opt/share/cmake-3.8/Modules/CMakeCXXCompilerABI.cpp
Linking CXX executable cmTC_98163
/cvmfs/sft.cern.ch/lcg/releases/CMake/3.8.2-ece19/x86_64-slc6-gcc62-opt/bin/cmake -E cmake_link_script CMakeFiles/cmTC_98163.dir/link.txt --verbose=1
/cvmfs/sft.cern.ch/lcg/contrib/gcc/6.2/x86_64-slc6/bin/g++      -v -rdynamic CMakeFiles/cmTC_98163.dir/CMakeCXXCompilerABI.cpp.o  -o cmTC_98163 
Using built-in specs.
COLLECT_GCC=/cvmfs/sft.cern.ch/lcg/contrib/gcc/6.2/x86_64-slc6/bin/g++
COLLECT_LTO_WRAPPER=/cvmfs/sft.cern.ch/lcg/contrib/gcc/6.2.0native/x86_64-slc6/bin/../libexec/gcc/x86_64-pc-linux-gnu/6.2.0/lto-wrapper
Target: x86_64-pc-linux-gnu
Configured with: ../gcc-6.2.0/configure --prefix=/build/pmendez-sftnight/install-620local -with-system-zlib --disable-multilib --enable-languages=all
Thread model: posix
gcc version 6.2.0 (GCC) 
COMPILER_PATH=/cvmfs/sft.cern.ch/lcg/contrib/gcc/6.2.0native/x86_64-slc6/bin/../libexec/gcc/x86_64-pc-linux-gnu/6.2.0/:/cvmfs/sft.cern.ch/lcg/contrib/gcc/6.2.0native/x86_64-slc6/bin/../libexec/gcc/
LIBRARY_PATH=/cvmfs/sft.cern.ch/lcg/contrib/gcc/6.2.0native/x86_64-slc6/bin/../lib/gcc/x86_64-pc-linux-gnu/6.2.0/:/cvmfs/sft.cern.ch/lcg/contrib/gcc/6.2.0native/x86_64-slc6/bin/../lib/gcc/:/cvmfs/sft.cern.ch/lcg/contrib/gcc/6.2.0native/x86_64-slc6/bin/../lib/gcc/x86_64-pc-linux-gnu/6.2.0/../../../../lib64/:/lib/../lib64/:/usr/lib/../lib64/:/cvmfs/sft.cern.ch/lcg/contrib/gcc/6.2.0native/x86_64-slc6/bin/../lib/gcc/x86_64-pc-linux-gnu/6.2.0/../../../:/lib/:/usr/lib/
COLLECT_GCC_OPTIONS='-v' '-rdynamic' '-o' 'cmTC_98163' '-shared-libgcc' '-mtune=generic' '-march=x86-64'
 /cvmfs/sft.cern.ch/lcg/contrib/gcc/6.2.0native/x86_64-slc6/bin/../libexec/gcc/x86_64-pc-linux-gnu/6.2.0/collect2 --eh-frame-hdr -m elf_x86_64 -export-dynamic -dynamic-linker /lib64/ld-linux-x86-64.so.2 -o cmTC_98163 /usr/lib/../lib64/crt1.o /usr/lib/../lib64/crti.o /cvmfs/sft.cern.ch/lcg/contrib/gcc/6.2.0native/x86_64-slc6/bin/../lib/gcc/x86_64-pc-linux-gnu/6.2.0/crtbegin.o -L/cvmfs/sft.cern.ch/lcg/contrib/gcc/6.2.0native/x86_64-slc6/bin/../lib/gcc/x86_64-pc-linux-gnu/6.2.0 -L/cvmfs/sft.cern.ch/lcg/contrib/gcc/6.2.0native/x86_64-slc6/bin/../lib/gcc -L/cvmfs/sft.cern.ch/lcg/contrib/gcc/6.2.0native/x86_64-slc6/bin/../lib/gcc/x86_64-pc-linux-gnu/6.2.0/../../../../lib64 -L/lib/../lib64 -L/usr/lib/../lib64 -L/cvmfs/sft.cern.ch/lcg/contrib/gcc/6.2.0native/x86_64-slc6/bin/../lib/gcc/x86_64-pc-linux-gnu/6.2.0/../../.. CMakeFiles/cmTC_98163.dir/CMakeCXXCompilerABI.cpp.o -lstdc++ -lm -lgcc_s -lgcc -lc -lgcc_s -lgcc /cvmfs/sft.cern.ch/lcg/contrib/gcc/6.2.0native/x86_64-slc6/bin/../lib/gcc/x86_64-pc-linux-gnu/6.2.0/crtend.o /usr/lib/../lib64/crtn.o
COLLECT_GCC_OPTIONS='-v' '-rdynamic' '-o' 'cmTC_98163' '-shared-libgcc' '-mtune=generic' '-march=x86-64'
gmake[1]: Leaving directory '/home/daniellee1004/Geant/CMakeFiles/CMakeTmp'


Parsed CXX implicit link information from above output:
  link line regex: [^( *|.*[/\])(ld|([^/\]+-)?ld|collect2)[^/\]*( |$)]
  ignore line: [Change Dir: /home/daniellee1004/Geant/CMakeFiles/CMakeTmp]
  ignore line: []
  ignore line: [Run Build Command:"/cvmfs/cms.cern.ch/slc6_amd64_gcc630/cms/cmssw/CMSSW_9_4_4/external/slc6_amd64_gcc630/bin/gmake" "cmTC_98163/fast"]
  ignore line: [/cvmfs/cms.cern.ch/slc6_amd64_gcc630/cms/cmssw/CMSSW_9_4_4/external/slc6_amd64_gcc630/bin/gmake -f CMakeFiles/cmTC_98163.dir/build.make CMakeFiles/cmTC_98163.dir/build]
  ignore line: [gmake[1]: Entering directory '/home/daniellee1004/Geant/CMakeFiles/CMakeTmp']
  ignore line: [Building CXX object CMakeFiles/cmTC_98163.dir/CMakeCXXCompilerABI.cpp.o]
  ignore line: [/cvmfs/sft.cern.ch/lcg/contrib/gcc/6.2/x86_64-slc6/bin/g++     -o CMakeFiles/cmTC_98163.dir/CMakeCXXCompilerABI.cpp.o -c /cvmfs/sft.cern.ch/lcg/releases/CMake/3.8.2-ece19/x86_64-slc6-gcc62-opt/share/cmake-3.8/Modules/CMakeCXXCompilerABI.cpp]
  ignore line: [Linking CXX executable cmTC_98163]
  ignore line: [/cvmfs/sft.cern.ch/lcg/releases/CMake/3.8.2-ece19/x86_64-slc6-gcc62-opt/bin/cmake -E cmake_link_script CMakeFiles/cmTC_98163.dir/link.txt --verbose=1]
  ignore line: [/cvmfs/sft.cern.ch/lcg/contrib/gcc/6.2/x86_64-slc6/bin/g++      -v -rdynamic CMakeFiles/cmTC_98163.dir/CMakeCXXCompilerABI.cpp.o  -o cmTC_98163 ]
  ignore line: [Using built-in specs.]
  ignore line: [COLLECT_GCC=/cvmfs/sft.cern.ch/lcg/contrib/gcc/6.2/x86_64-slc6/bin/g++]
  ignore line: [COLLECT_LTO_WRAPPER=/cvmfs/sft.cern.ch/lcg/contrib/gcc/6.2.0native/x86_64-slc6/bin/../libexec/gcc/x86_64-pc-linux-gnu/6.2.0/lto-wrapper]
  ignore line: [Target: x86_64-pc-linux-gnu]
  ignore line: [Configured with: ../gcc-6.2.0/configure --prefix=/build/pmendez-sftnight/install-620local -with-system-zlib --disable-multilib --enable-languages=all]
  ignore line: [Thread model: posix]
  ignore line: [gcc version 6.2.0 (GCC) ]
  ignore line: [COMPILER_PATH=/cvmfs/sft.cern.ch/lcg/contrib/gcc/6.2.0native/x86_64-slc6/bin/../libexec/gcc/x86_64-pc-linux-gnu/6.2.0/:/cvmfs/sft.cern.ch/lcg/contrib/gcc/6.2.0native/x86_64-slc6/bin/../libexec/gcc/]
  ignore line: [LIBRARY_PATH=/cvmfs/sft.cern.ch/lcg/contrib/gcc/6.2.0native/x86_64-slc6/bin/../lib/gcc/x86_64-pc-linux-gnu/6.2.0/:/cvmfs/sft.cern.ch/lcg/contrib/gcc/6.2.0native/x86_64-slc6/bin/../lib/gcc/:/cvmfs/sft.cern.ch/lcg/contrib/gcc/6.2.0native/x86_64-slc6/bin/../lib/gcc/x86_64-pc-linux-gnu/6.2.0/../../../../lib64/:/lib/../lib64/:/usr/lib/../lib64/:/cvmfs/sft.cern.ch/lcg/contrib/gcc/6.2.0native/x86_64-slc6/bin/../lib/gcc/x86_64-pc-linux-gnu/6.2.0/../../../:/lib/:/usr/lib/]
  ignore line: [COLLECT_GCC_OPTIONS='-v' '-rdynamic' '-o' 'cmTC_98163' '-shared-libgcc' '-mtune=generic' '-march=x86-64']
  link line: [ /cvmfs/sft.cern.ch/lcg/contrib/gcc/6.2.0native/x86_64-slc6/bin/../libexec/gcc/x86_64-pc-linux-gnu/6.2.0/collect2 --eh-frame-hdr -m elf_x86_64 -export-dynamic -dynamic-linker /lib64/ld-linux-x86-64.so.2 -o cmTC_98163 /usr/lib/../lib64/crt1.o /usr/lib/../lib64/crti.o /cvmfs/sft.cern.ch/lcg/contrib/gcc/6.2.0native/x86_64-slc6/bin/../lib/gcc/x86_64-pc-linux-gnu/6.2.0/crtbegin.o -L/cvmfs/sft.cern.ch/lcg/contrib/gcc/6.2.0native/x86_64-slc6/bin/../lib/gcc/x86_64-pc-linux-gnu/6.2.0 -L/cvmfs/sft.cern.ch/lcg/contrib/gcc/6.2.0native/x86_64-slc6/bin/../lib/gcc -L/cvmfs/sft.cern.ch/lcg/contrib/gcc/6.2.0native/x86_64-slc6/bin/../lib/gcc/x86_64-pc-linux-gnu/6.2.0/../../../../lib64 -L/lib/../lib64 -L/usr/lib/../lib64 -L/cvmfs/sft.cern.ch/lcg/contrib/gcc/6.2.0native/x86_64-slc6/bin/../lib/gcc/x86_64-pc-linux-gnu/6.2.0/../../.. CMakeFiles/cmTC_98163.dir/CMakeCXXCompilerABI.cpp.o -lstdc++ -lm -lgcc_s -lgcc -lc -lgcc_s -lgcc /cvmfs/sft.cern.ch/lcg/contrib/gcc/6.2.0native/x86_64-slc6/bin/../lib/gcc/x86_64-pc-linux-gnu/6.2.0/crtend.o /usr/lib/../lib64/crtn.o]
    arg [/cvmfs/sft.cern.ch/lcg/contrib/gcc/6.2.0native/x86_64-slc6/bin/../libexec/gcc/x86_64-pc-linux-gnu/6.2.0/collect2] ==> ignore
    arg [--eh-frame-hdr] ==> ignore
    arg [-m] ==> ignore
    arg [elf_x86_64] ==> ignore
    arg [-export-dynamic] ==> ignore
    arg [-dynamic-linker] ==> ignore
    arg [/lib64/ld-linux-x86-64.so.2] ==> ignore
    arg [-o] ==> ignore
    arg [cmTC_98163] ==> ignore
    arg [/usr/lib/../lib64/crt1.o] ==> ignore
    arg [/usr/lib/../lib64/crti.o] ==> ignore
    arg [/cvmfs/sft.cern.ch/lcg/contrib/gcc/6.2.0native/x86_64-slc6/bin/../lib/gcc/x86_64-pc-linux-gnu/6.2.0/crtbegin.o] ==> ignore
    arg [-L/cvmfs/sft.cern.ch/lcg/contrib/gcc/6.2.0native/x86_64-slc6/bin/../lib/gcc/x86_64-pc-linux-gnu/6.2.0] ==> dir [/cvmfs/sft.cern.ch/lcg/contrib/gcc/6.2.0native/x86_64-slc6/bin/../lib/gcc/x86_64-pc-linux-gnu/6.2.0]
    arg [-L/cvmfs/sft.cern.ch/lcg/contrib/gcc/6.2.0native/x86_64-slc6/bin/../lib/gcc] ==> dir [/cvmfs/sft.cern.ch/lcg/contrib/gcc/6.2.0native/x86_64-slc6/bin/../lib/gcc]
    arg [-L/cvmfs/sft.cern.ch/lcg/contrib/gcc/6.2.0native/x86_64-slc6/bin/../lib/gcc/x86_64-pc-linux-gnu/6.2.0/../../../../lib64] ==> dir [/cvmfs/sft.cern.ch/lcg/contrib/gcc/6.2.0native/x86_64-slc6/bin/../lib/gcc/x86_64-pc-linux-gnu/6.2.0/../../../../lib64]
    arg [-L/lib/../lib64] ==> dir [/lib/../lib64]
    arg [-L/usr/lib/../lib64] ==> dir [/usr/lib/../lib64]
    arg [-L/cvmfs/sft.cern.ch/lcg/contrib/gcc/6.2.0native/x86_64-slc6/bin/../lib/gcc/x86_64-pc-linux-gnu/6.2.0/../../..] ==> dir [/cvmfs/sft.cern.ch/lcg/contrib/gcc/6.2.0native/x86_64-slc6/bin/../lib/gcc/x86_64-pc-linux-gnu/6.2.0/../../..]
    arg [CMakeFiles/cmTC_98163.dir/CMakeCXXCompilerABI.cpp.o] ==> ignore
    arg [-lstdc++] ==> lib [stdc++]
    arg [-lm] ==> lib [m]
    arg [-lgcc_s] ==> lib [gcc_s]
    arg [-lgcc] ==> lib [gcc]
    arg [-lc] ==> lib [c]
    arg [-lgcc_s] ==> lib [gcc_s]
    arg [-lgcc] ==> lib [gcc]
    arg [/cvmfs/sft.cern.ch/lcg/contrib/gcc/6.2.0native/x86_64-slc6/bin/../lib/gcc/x86_64-pc-linux-gnu/6.2.0/crtend.o] ==> ignore
    arg [/usr/lib/../lib64/crtn.o] ==> ignore
  remove lib [gcc_s]
  remove lib [gcc]
  remove lib [gcc_s]
  remove lib [gcc]
  collapse library dir [/cvmfs/sft.cern.ch/lcg/contrib/gcc/6.2.0native/x86_64-slc6/bin/../lib/gcc/x86_64-pc-linux-gnu/6.2.0] ==> [/cvmfs/sft.cern.ch/lcg/contrib/gcc/6.2.0native/x86_64-slc6/lib/gcc/x86_64-pc-linux-gnu/6.2.0]
  collapse library dir [/cvmfs/sft.cern.ch/lcg/contrib/gcc/6.2.0native/x86_64-slc6/bin/../lib/gcc] ==> [/cvmfs/sft.cern.ch/lcg/contrib/gcc/6.2.0native/x86_64-slc6/lib/gcc]
  collapse library dir [/cvmfs/sft.cern.ch/lcg/contrib/gcc/6.2.0native/x86_64-slc6/bin/../lib/gcc/x86_64-pc-linux-gnu/6.2.0/../../../../lib64] ==> [/cvmfs/sft.cern.ch/lcg/contrib/gcc/6.2.0native/x86_64-slc6/lib64]
  collapse library dir [/lib/../lib64] ==> [/lib64]
  collapse library dir [/usr/lib/../lib64] ==> [/usr/lib64]
  collapse library dir [/cvmfs/sft.cern.ch/lcg/contrib/gcc/6.2.0native/x86_64-slc6/bin/../lib/gcc/x86_64-pc-linux-gnu/6.2.0/../../..] ==> [/cvmfs/sft.cern.ch/lcg/contrib/gcc/6.2.0native/x86_64-slc6/lib]
  implicit libs: [stdc++;m;c]
  implicit dirs: [/cvmfs/sft.cern.ch/lcg/contrib/gcc/6.2.0native/x86_64-slc6/lib/gcc/x86_64-pc-linux-gnu/6.2.0;/cvmfs/sft.cern.ch/lcg/contrib/gcc/6.2.0native/x86_64-slc6/lib/gcc;/cvmfs/sft.cern.ch/lcg/contrib/gcc/6.2.0native/x86_64-slc6/lib64;/lib64;/usr/lib64;/cvmfs/sft.cern.ch/lcg/contrib/gcc/6.2.0native/x86_64-slc6/lib]
  implicit fwks: []




Detecting CXX [-std=c++1z] compiler features compiled with the following output:
Change Dir: /home/daniellee1004/Geant/CMakeFiles/CMakeTmp

Run Build Command:"/cvmfs/cms.cern.ch/slc6_amd64_gcc630/cms/cmssw/CMSSW_9_4_4/external/slc6_amd64_gcc630/bin/gmake" "cmTC_7bd7a/fast"
/cvmfs/cms.cern.ch/slc6_amd64_gcc630/cms/cmssw/CMSSW_9_4_4/external/slc6_amd64_gcc630/bin/gmake -f CMakeFiles/cmTC_7bd7a.dir/build.make CMakeFiles/cmTC_7bd7a.dir/build
gmake[1]: Entering directory '/home/daniellee1004/Geant/CMakeFiles/CMakeTmp'
Building CXX object CMakeFiles/cmTC_7bd7a.dir/feature_tests.cxx.o
/cvmfs/sft.cern.ch/lcg/contrib/gcc/6.2/x86_64-slc6/bin/g++    -std=c++1z -o CMakeFiles/cmTC_7bd7a.dir/feature_tests.cxx.o -c /home/daniellee1004/Geant/CMakeFiles/feature_tests.cxx
Linking CXX executable cmTC_7bd7a
/cvmfs/sft.cern.ch/lcg/releases/CMake/3.8.2-ece19/x86_64-slc6-gcc62-opt/bin/cmake -E cmake_link_script CMakeFiles/cmTC_7bd7a.dir/link.txt --verbose=1
/cvmfs/sft.cern.ch/lcg/contrib/gcc/6.2/x86_64-slc6/bin/g++       -rdynamic CMakeFiles/cmTC_7bd7a.dir/feature_tests.cxx.o  -o cmTC_7bd7a 
gmake[1]: Leaving directory '/home/daniellee1004/Geant/CMakeFiles/CMakeTmp'


    Feature record: CXX_FEATURE:1cxx_aggregate_default_initializers
    Feature record: CXX_FEATURE:1cxx_alias_templates
    Feature record: CXX_FEATURE:1cxx_alignas
    Feature record: CXX_FEATURE:1cxx_alignof
    Feature record: CXX_FEATURE:1cxx_attributes
    Feature record: CXX_FEATURE:1cxx_attribute_deprecated
    Feature record: CXX_FEATURE:1cxx_auto_type
    Feature record: CXX_FEATURE:1cxx_binary_literals
    Feature record: CXX_FEATURE:1cxx_constexpr
    Feature record: CXX_FEATURE:1cxx_contextual_conversions
    Feature record: CXX_FEATURE:1cxx_decltype
    Feature record: CXX_FEATURE:1cxx_decltype_auto
    Feature record: CXX_FEATURE:1cxx_decltype_incomplete_return_types
    Feature record: CXX_FEATURE:1cxx_default_function_template_args
    Feature record: CXX_FEATURE:1cxx_defaulted_functions
    Feature record: CXX_FEATURE:1cxx_defaulted_move_initializers
    Feature record: CXX_FEATURE:1cxx_delegating_constructors
    Feature record: CXX_FEATURE:1cxx_deleted_functions
    Feature record: CXX_FEATURE:1cxx_digit_separators
    Feature record: CXX_FEATURE:1cxx_enum_forward_declarations
    Feature record: CXX_FEATURE:1cxx_explicit_conversions
    Feature record: CXX_FEATURE:1cxx_extended_friend_declarations
    Feature record: CXX_FEATURE:1cxx_extern_templates
    Feature record: CXX_FEATURE:1cxx_final
    Feature record: CXX_FEATURE:1cxx_func_identifier
    Feature record: CXX_FEATURE:1cxx_generalized_initializers
    Feature record: CXX_FEATURE:1cxx_generic_lambdas
    Feature record: CXX_FEATURE:1cxx_inheriting_constructors
    Feature record: CXX_FEATURE:1cxx_inline_namespaces
    Feature record: CXX_FEATURE:1cxx_lambdas
    Feature record: CXX_FEATURE:1cxx_lambda_init_captures
    Feature record: CXX_FEATURE:1cxx_local_type_template_args
    Feature record: CXX_FEATURE:1cxx_long_long_type
    Feature record: CXX_FEATURE:1cxx_noexcept
    Feature record: CXX_FEATURE:1cxx_nonstatic_member_init
    Feature record: CXX_FEATURE:1cxx_nullptr
    Feature record: CXX_FEATURE:1cxx_override
    Feature record: CXX_FEATURE:1cxx_range_for
    Feature record: CXX_FEATURE:1cxx_raw_string_literals
    Feature record: CXX_FEATURE:1cxx_reference_qualified_functions
    Feature record: CXX_FEATURE:1cxx_relaxed_constexpr
    Feature record: CXX_FEATURE:1cxx_return_type_deduction
    Feature record: CXX_FEATURE:1cxx_right_angle_brackets
    Feature record: CXX_FEATURE:1cxx_rvalue_references
    Feature record: CXX_FEATURE:1cxx_sizeof_member
    Feature record: CXX_FEATURE:1cxx_static_assert
    Feature record: CXX_FEATURE:1cxx_strong_enums
    Feature record: CXX_FEATURE:1cxx_template_template_parameters
    Feature record: CXX_FEATURE:1cxx_thread_local
    Feature record: CXX_FEATURE:1cxx_trailing_return_types
    Feature record: CXX_FEATURE:1cxx_unicode_literals
    Feature record: CXX_FEATURE:1cxx_uniform_initialization
    Feature record: CXX_FEATURE:1cxx_unrestricted_unions
    Feature record: CXX_FEATURE:1cxx_user_literals
    Feature record: CXX_FEATURE:1cxx_variable_templates
    Feature record: CXX_FEATURE:1cxx_variadic_macros
    Feature record: CXX_FEATURE:1cxx_variadic_templates


Detecting CXX [-std=c++14] compiler features compiled with the following output:
Change Dir: /home/daniellee1004/Geant/CMakeFiles/CMakeTmp

Run Build Command:"/cvmfs/cms.cern.ch/slc6_amd64_gcc630/cms/cmssw/CMSSW_9_4_4/external/slc6_amd64_gcc630/bin/gmake" "cmTC_497d5/fast"
/cvmfs/cms.cern.ch/slc6_amd64_gcc630/cms/cmssw/CMSSW_9_4_4/external/slc6_amd64_gcc630/bin/gmake -f CMakeFiles/cmTC_497d5.dir/build.make CMakeFiles/cmTC_497d5.dir/build
gmake[1]: Entering directory '/home/daniellee1004/Geant/CMakeFiles/CMakeTmp'
Building CXX object CMakeFiles/cmTC_497d5.dir/feature_tests.cxx.o
/cvmfs/sft.cern.ch/lcg/contrib/gcc/6.2/x86_64-slc6/bin/g++    -std=c++14 -o CMakeFiles/cmTC_497d5.dir/feature_tests.cxx.o -c /home/daniellee1004/Geant/CMakeFiles/feature_tests.cxx
Linking CXX executable cmTC_497d5
/cvmfs/sft.cern.ch/lcg/releases/CMake/3.8.2-ece19/x86_64-slc6-gcc62-opt/bin/cmake -E cmake_link_script CMakeFiles/cmTC_497d5.dir/link.txt --verbose=1
/cvmfs/sft.cern.ch/lcg/contrib/gcc/6.2/x86_64-slc6/bin/g++       -rdynamic CMakeFiles/cmTC_497d5.dir/feature_tests.cxx.o  -o cmTC_497d5 
gmake[1]: Leaving directory '/home/daniellee1004/Geant/CMakeFiles/CMakeTmp'


    Feature record: CXX_FEATURE:1cxx_aggregate_default_initializers
    Feature record: CXX_FEATURE:1cxx_alias_templates
    Feature record: CXX_FEATURE:1cxx_alignas
    Feature record: CXX_FEATURE:1cxx_alignof
    Feature record: CXX_FEATURE:1cxx_attributes
    Feature record: CXX_FEATURE:1cxx_attribute_deprecated
    Feature record: CXX_FEATURE:1cxx_auto_type
    Feature record: CXX_FEATURE:1cxx_binary_literals
    Feature record: CXX_FEATURE:1cxx_constexpr
    Feature record: CXX_FEATURE:1cxx_contextual_conversions
    Feature record: CXX_FEATURE:1cxx_decltype
    Feature record: CXX_FEATURE:1cxx_decltype_auto
    Feature record: CXX_FEATURE:1cxx_decltype_incomplete_return_types
    Feature record: CXX_FEATURE:1cxx_default_function_template_args
    Feature record: CXX_FEATURE:1cxx_defaulted_functions
    Feature record: CXX_FEATURE:1cxx_defaulted_move_initializers
    Feature record: CXX_FEATURE:1cxx_delegating_constructors
    Feature record: CXX_FEATURE:1cxx_deleted_functions
    Feature record: CXX_FEATURE:1cxx_digit_separators
    Feature record: CXX_FEATURE:1cxx_enum_forward_declarations
    Feature record: CXX_FEATURE:1cxx_explicit_conversions
    Feature record: CXX_FEATURE:1cxx_extended_friend_declarations
    Feature record: CXX_FEATURE:1cxx_extern_templates
    Feature record: CXX_FEATURE:1cxx_final
    Feature record: CXX_FEATURE:1cxx_func_identifier
    Feature record: CXX_FEATURE:1cxx_generalized_initializers
    Feature record: CXX_FEATURE:1cxx_generic_lambdas
    Feature record: CXX_FEATURE:1cxx_inheriting_constructors
    Feature record: CXX_FEATURE:1cxx_inline_namespaces
    Feature record: CXX_FEATURE:1cxx_lambdas
    Feature record: CXX_FEATURE:1cxx_lambda_init_captures
    Feature record: CXX_FEATURE:1cxx_local_type_template_args
    Feature record: CXX_FEATURE:1cxx_long_long_type
    Feature record: CXX_FEATURE:1cxx_noexcept
    Feature record: CXX_FEATURE:1cxx_nonstatic_member_init
    Feature record: CXX_FEATURE:1cxx_nullptr
    Feature record: CXX_FEATURE:1cxx_override
    Feature record: CXX_FEATURE:1cxx_range_for
    Feature record: CXX_FEATURE:1cxx_raw_string_literals
    Feature record: CXX_FEATURE:1cxx_reference_qualified_functions
    Feature record: CXX_FEATURE:1cxx_relaxed_constexpr
    Feature record: CXX_FEATURE:1cxx_return_type_deduction
    Feature record: CXX_FEATURE:1cxx_right_angle_brackets
    Feature record: CXX_FEATURE:1cxx_rvalue_references
    Feature record: CXX_FEATURE:1cxx_sizeof_member
    Feature record: CXX_FEATURE:1cxx_static_assert
    Feature record: CXX_FEATURE:1cxx_strong_enums
    Feature record: CXX_FEATURE:1cxx_template_template_parameters
    Feature record: CXX_FEATURE:1cxx_thread_local
    Feature record: CXX_FEATURE:1cxx_trailing_return_types
    Feature record: CXX_FEATURE:1cxx_unicode_literals
    Feature record: CXX_FEATURE:1cxx_uniform_initialization
    Feature record: CXX_FEATURE:1cxx_unrestricted_unions
    Feature record: CXX_FEATURE:1cxx_user_literals
    Feature record: CXX_FEATURE:1cxx_variable_templates
    Feature record: CXX_FEATURE:1cxx_variadic_macros
    Feature record: CXX_FEATURE:1cxx_variadic_templates


Detecting CXX [-std=c++11] compiler features compiled with the following output:
Change Dir: /home/daniellee1004/Geant/CMakeFiles/CMakeTmp

Run Build Command:"/cvmfs/cms.cern.ch/slc6_amd64_gcc630/cms/cmssw/CMSSW_9_4_4/external/slc6_amd64_gcc630/bin/gmake" "cmTC_19c3e/fast"
/cvmfs/cms.cern.ch/slc6_amd64_gcc630/cms/cmssw/CMSSW_9_4_4/external/slc6_amd64_gcc630/bin/gmake -f CMakeFiles/cmTC_19c3e.dir/build.make CMakeFiles/cmTC_19c3e.dir/build
gmake[1]: Entering directory '/home/daniellee1004/Geant/CMakeFiles/CMakeTmp'
Building CXX object CMakeFiles/cmTC_19c3e.dir/feature_tests.cxx.o
/cvmfs/sft.cern.ch/lcg/contrib/gcc/6.2/x86_64-slc6/bin/g++    -std=c++11 -o CMakeFiles/cmTC_19c3e.dir/feature_tests.cxx.o -c /home/daniellee1004/Geant/CMakeFiles/feature_tests.cxx
Linking CXX executable cmTC_19c3e
/cvmfs/sft.cern.ch/lcg/releases/CMake/3.8.2-ece19/x86_64-slc6-gcc62-opt/bin/cmake -E cmake_link_script CMakeFiles/cmTC_19c3e.dir/link.txt --verbose=1
/cvmfs/sft.cern.ch/lcg/contrib/gcc/6.2/x86_64-slc6/bin/g++       -rdynamic CMakeFiles/cmTC_19c3e.dir/feature_tests.cxx.o  -o cmTC_19c3e 
gmake[1]: Leaving directory '/home/daniellee1004/Geant/CMakeFiles/CMakeTmp'


    Feature record: CXX_FEATURE:0cxx_aggregate_default_initializers
    Feature record: CXX_FEATURE:1cxx_alias_templates
    Feature record: CXX_FEATURE:1cxx_alignas
    Feature record: CXX_FEATURE:1cxx_alignof
    Feature record: CXX_FEATURE:1cxx_attributes
    Feature record: CXX_FEATURE:0cxx_attribute_deprecated
    Feature record: CXX_FEATURE:1cxx_auto_type
    Feature record: CXX_FEATURE:0cxx_binary_literals
    Feature record: CXX_FEATURE:1cxx_constexpr
    Feature record: CXX_FEATURE:0cxx_contextual_conversions
    Feature record: CXX_FEATURE:1cxx_decltype
    Feature record: CXX_FEATURE:0cxx_decltype_auto
    Feature record: CXX_FEATURE:1cxx_decltype_incomplete_return_types
    Feature record: CXX_FEATURE:1cxx_default_function_template_args
    Feature record: CXX_FEATURE:1cxx_defaulted_functions
    Feature record: CXX_FEATURE:1cxx_defaulted_move_initializers
    Feature record: CXX_FEATURE:1cxx_delegating_constructors
    Feature record: CXX_FEATURE:1cxx_deleted_functions
    Feature record: CXX_FEATURE:0cxx_digit_separators
    Feature record: CXX_FEATURE:1cxx_enum_forward_declarations
    Feature record: CXX_FEATURE:1cxx_explicit_conversions
    Feature record: CXX_FEATURE:1cxx_extended_friend_declarations
    Feature record: CXX_FEATURE:1cxx_extern_templates
    Feature record: CXX_FEATURE:1cxx_final
    Feature record: CXX_FEATURE:1cxx_func_identifier
    Feature record: CXX_FEATURE:1cxx_generalized_initializers
    Feature record: CXX_FEATURE:0cxx_generic_lambdas
    Feature record: CXX_FEATURE:1cxx_inheriting_constructors
    Feature record: CXX_FEATURE:1cxx_inline_namespaces
    Feature record: CXX_FEATURE:1cxx_lambdas
    Feature record: CXX_FEATURE:0cxx_lambda_init_captures
    Feature record: CXX_FEATURE:1cxx_local_type_template_args
    Feature record: CXX_FEATURE:1cxx_long_long_type
    Feature record: CXX_FEATURE:1cxx_noexcept
    Feature record: CXX_FEATURE:1cxx_nonstatic_member_init
    Feature record: CXX_FEATURE:1cxx_nullptr
    Feature record: CXX_FEATURE:1cxx_override
    Feature record: CXX_FEATURE:1cxx_range_for
    Feature record: CXX_FEATURE:1cxx_raw_string_literals
    Feature record: CXX_FEATURE:1cxx_reference_qualified_functions
    Feature record: CXX_FEATURE:0cxx_relaxed_constexpr
    Feature record: CXX_FEATURE:0cxx_return_type_deduction
    Feature record: CXX_FEATURE:1cxx_right_angle_brackets
    Feature record: CXX_FEATURE:1cxx_rvalue_references
    Feature record: CXX_FEATURE:1cxx_sizeof_member
    Feature record: CXX_FEATURE:1cxx_static_assert
    Feature record: CXX_FEATURE:1cxx_strong_enums
    Feature record: CXX_FEATURE:1cxx_template_template_parameters
    Feature record: CXX_FEATURE:1cxx_thread_local
    Feature record: CXX_FEATURE:1cxx_trailing_return_types
    Feature record: CXX_FEATURE:1cxx_unicode_literals
    Feature record: CXX_FEATURE:1cxx_uniform_initialization
    Feature record: CXX_FEATURE:1cxx_unrestricted_unions
    Feature record: CXX_FEATURE:1cxx_user_literals
    Feature record: CXX_FEATURE:0cxx_variable_templates
    Feature record: CXX_FEATURE:1cxx_variadic_macros
    Feature record: CXX_FEATURE:1cxx_variadic_templates


Detecting CXX [-std=c++98] compiler features compiled with the following output:
Change Dir: /home/daniellee1004/Geant/CMakeFiles/CMakeTmp

Run Build Command:"/cvmfs/cms.cern.ch/slc6_amd64_gcc630/cms/cmssw/CMSSW_9_4_4/external/slc6_amd64_gcc630/bin/gmake" "cmTC_f4c9c/fast"
/cvmfs/cms.cern.ch/slc6_amd64_gcc630/cms/cmssw/CMSSW_9_4_4/external/slc6_amd64_gcc630/bin/gmake -f CMakeFiles/cmTC_f4c9c.dir/build.make CMakeFiles/cmTC_f4c9c.dir/build
gmake[1]: Entering directory '/home/daniellee1004/Geant/CMakeFiles/CMakeTmp'
Building CXX object CMakeFiles/cmTC_f4c9c.dir/feature_tests.cxx.o
/cvmfs/sft.cern.ch/lcg/contrib/gcc/6.2/x86_64-slc6/bin/g++    -std=c++98 -o CMakeFiles/cmTC_f4c9c.dir/feature_tests.cxx.o -c /home/daniellee1004/Geant/CMakeFiles/feature_tests.cxx
Linking CXX executable cmTC_f4c9c
/cvmfs/sft.cern.ch/lcg/releases/CMake/3.8.2-ece19/x86_64-slc6-gcc62-opt/bin/cmake -E cmake_link_script CMakeFiles/cmTC_f4c9c.dir/link.txt --verbose=1
/cvmfs/sft.cern.ch/lcg/contrib/gcc/6.2/x86_64-slc6/bin/g++       -rdynamic CMakeFiles/cmTC_f4c9c.dir/feature_tests.cxx.o  -o cmTC_f4c9c 
gmake[1]: Leaving directory '/home/daniellee1004/Geant/CMakeFiles/CMakeTmp'


    Feature record: CXX_FEATURE:0cxx_aggregate_default_initializers
    Feature record: CXX_FEATURE:0cxx_alias_templates
    Feature record: CXX_FEATURE:0cxx_alignas
    Feature record: CXX_FEATURE:0cxx_alignof
    Feature record: CXX_FEATURE:0cxx_attributes
    Feature record: CXX_FEATURE:0cxx_attribute_deprecated
    Feature record: CXX_FEATURE:0cxx_auto_type
    Feature record: CXX_FEATURE:0cxx_binary_literals
    Feature record: CXX_FEATURE:0cxx_constexpr
    Feature record: CXX_FEATURE:0cxx_contextual_conversions
    Feature record: CXX_FEATURE:0cxx_decltype
    Feature record: CXX_FEATURE:0cxx_decltype_auto
    Feature record: CXX_FEATURE:0cxx_decltype_incomplete_return_types
    Feature record: CXX_FEATURE:0cxx_default_function_template_args
    Feature record: CXX_FEATURE:0cxx_defaulted_functions
    Feature record: CXX_FEATURE:0cxx_defaulted_move_initializers
    Feature record: CXX_FEATURE:0cxx_delegating_constructors
    Feature record: CXX_FEATURE:0cxx_deleted_functions
    Feature record: CXX_FEATURE:0cxx_digit_separators
    Feature record: CXX_FEATURE:0cxx_enum_forward_declarations
    Feature record: CXX_FEATURE:0cxx_explicit_conversions
    Feature record: CXX_FEATURE:0cxx_extended_friend_declarations
    Feature record: CXX_FEATURE:0cxx_extern_templates
    Feature record: CXX_FEATURE:0cxx_final
    Feature record: CXX_FEATURE:0cxx_func_identifier
    Feature record: CXX_FEATURE:0cxx_generalized_initializers
    Feature record: CXX_FEATURE:0cxx_generic_lambdas
    Feature record: CXX_FEATURE:0cxx_inheriting_constructors
    Feature record: CXX_FEATURE:0cxx_inline_namespaces
    Feature record: CXX_FEATURE:0cxx_lambdas
    Feature record: CXX_FEATURE:0cxx_lambda_init_captures
    Feature record: CXX_FEATURE:0cxx_local_type_template_args
    Feature record: CXX_FEATURE:0cxx_long_long_type
    Feature record: CXX_FEATURE:0cxx_noexcept
    Feature record: CXX_FEATURE:0cxx_nonstatic_member_init
    Feature record: CXX_FEATURE:0cxx_nullptr
    Feature record: CXX_FEATURE:0cxx_override
    Feature record: CXX_FEATURE:0cxx_range_for
    Feature record: CXX_FEATURE:0cxx_raw_string_literals
    Feature record: CXX_FEATURE:0cxx_reference_qualified_functions
    Feature record: CXX_FEATURE:0cxx_relaxed_constexpr
    Feature record: CXX_FEATURE:0cxx_return_type_deduction
    Feature record: CXX_FEATURE:0cxx_right_angle_brackets
    Feature record: CXX_FEATURE:0cxx_rvalue_references
    Feature record: CXX_FEATURE:0cxx_sizeof_member
    Feature record: CXX_FEATURE:0cxx_static_assert
    Feature record: CXX_FEATURE:0cxx_strong_enums
    Feature record: CXX_FEATURE:1cxx_template_template_parameters
    Feature record: CXX_FEATURE:0cxx_thread_local
    Feature record: CXX_FEATURE:0cxx_trailing_return_types
    Feature record: CXX_FEATURE:0cxx_unicode_literals
    Feature record: CXX_FEATURE:0cxx_uniform_initialization
    Feature record: CXX_FEATURE:0cxx_unrestricted_unions
    Feature record: CXX_FEATURE:0cxx_user_literals
    Feature record: CXX_FEATURE:0cxx_variable_templates
    Feature record: CXX_FEATURE:0cxx_variadic_macros
    Feature record: CXX_FEATURE:0cxx_variadic_templates
The system is: Linux - 2.6.32-696.30.1.el6.x86_64 - x86_64
Compiling the C compiler identification source file "CMakeCCompilerId.c" succeeded.
Compiler: /cvmfs/sft.cern.ch/lcg/contrib/gcc/6.2/x86_64-slc6/bin/gcc 
Build flags: 
Id flags: 

The output was:
0


Compilation of the C compiler identification source "CMakeCCompilerId.c" produced "a.out"

The C compiler identification is GNU, found in "/home/daniellee1004/Geant/CMakeFiles/2.8.12.2/CompilerIdC/a.out"

Compiling the CXX compiler identification source file "CMakeCXXCompilerId.cpp" succeeded.
Compiler: /cvmfs/sft.cern.ch/lcg/contrib/gcc/6.2/x86_64-slc6/bin/g++ 
Build flags: 
Id flags: 

The output was:
0


Compilation of the CXX compiler identification source "CMakeCXXCompilerId.cpp" produced "a.out"

The CXX compiler identification is GNU, found in "/home/daniellee1004/Geant/CMakeFiles/2.8.12.2/CompilerIdCXX/a.out"

Determining if the C compiler works passed with the following output:
Change Dir: /home/daniellee1004/Geant/CMakeFiles/CMakeTmp

Run Build Command:/cvmfs/cms.cern.ch/slc6_amd64_gcc630/cms/cmssw/CMSSW_9_4_4/external/slc6_amd64_gcc630/bin/gmake "cmTryCompileExec243276846/fast"
/cvmfs/cms.cern.ch/slc6_amd64_gcc630/cms/cmssw/CMSSW_9_4_4/external/slc6_amd64_gcc630/bin/gmake -f CMakeFiles/cmTryCompileExec243276846.dir/build.make CMakeFiles/cmTryCompileExec243276846.dir/build
gmake[1]: Entering directory '/home/daniellee1004/Geant/CMakeFiles/CMakeTmp'
/usr/bin/cmake -E cmake_progress_report /home/daniellee1004/Geant/CMakeFiles/CMakeTmp/CMakeFiles 1
Building C object CMakeFiles/cmTryCompileExec243276846.dir/testCCompiler.c.o
/cvmfs/sft.cern.ch/lcg/contrib/gcc/6.2/x86_64-slc6/bin/gcc    -o CMakeFiles/cmTryCompileExec243276846.dir/testCCompiler.c.o   -c /home/daniellee1004/Geant/CMakeFiles/CMakeTmp/testCCompiler.c
Linking C executable cmTryCompileExec243276846
/usr/bin/cmake -E cmake_link_script CMakeFiles/cmTryCompileExec243276846.dir/link.txt --verbose=1
/cvmfs/sft.cern.ch/lcg/contrib/gcc/6.2/x86_64-slc6/bin/gcc       CMakeFiles/cmTryCompileExec243276846.dir/testCCompiler.c.o  -o cmTryCompileExec243276846 -rdynamic 
gmake[1]: Leaving directory '/home/daniellee1004/Geant/CMakeFiles/CMakeTmp'


Detecting C compiler ABI info compiled with the following output:
Change Dir: /home/daniellee1004/Geant/CMakeFiles/CMakeTmp

Run Build Command:/cvmfs/cms.cern.ch/slc6_amd64_gcc630/cms/cmssw/CMSSW_9_4_4/external/slc6_amd64_gcc630/bin/gmake "cmTryCompileExec3310045692/fast"
/cvmfs/cms.cern.ch/slc6_amd64_gcc630/cms/cmssw/CMSSW_9_4_4/external/slc6_amd64_gcc630/bin/gmake -f CMakeFiles/cmTryCompileExec3310045692.dir/build.make CMakeFiles/cmTryCompileExec3310045692.dir/build
gmake[1]: Entering directory '/home/daniellee1004/Geant/CMakeFiles/CMakeTmp'
/usr/bin/cmake -E cmake_progress_report /home/daniellee1004/Geant/CMakeFiles/CMakeTmp/CMakeFiles 1
Building C object CMakeFiles/cmTryCompileExec3310045692.dir/CMakeCCompilerABI.c.o
/cvmfs/sft.cern.ch/lcg/contrib/gcc/6.2/x86_64-slc6/bin/gcc    -o CMakeFiles/cmTryCompileExec3310045692.dir/CMakeCCompilerABI.c.o   -c /usr/share/cmake/Modules/CMakeCCompilerABI.c
Linking C executable cmTryCompileExec3310045692
/usr/bin/cmake -E cmake_link_script CMakeFiles/cmTryCompileExec3310045692.dir/link.txt --verbose=1
/cvmfs/sft.cern.ch/lcg/contrib/gcc/6.2/x86_64-slc6/bin/gcc     -v CMakeFiles/cmTryCompileExec3310045692.dir/CMakeCCompilerABI.c.o  -o cmTryCompileExec3310045692 -rdynamic  
Using built-in specs.
COLLECT_GCC=/cvmfs/sft.cern.ch/lcg/contrib/gcc/6.2/x86_64-slc6/bin/gcc
COLLECT_LTO_WRAPPER=/cvmfs/sft.cern.ch/lcg/contrib/gcc/6.2.0native/x86_64-slc6/bin/../libexec/gcc/x86_64-pc-linux-gnu/6.2.0/lto-wrapper
Target: x86_64-pc-linux-gnu
Configured with: ../gcc-6.2.0/configure --prefix=/build/pmendez-sftnight/install-620local -with-system-zlib --disable-multilib --enable-languages=all
Thread model: posix
gcc version 6.2.0 (GCC) 
COMPILER_PATH=/cvmfs/sft.cern.ch/lcg/contrib/gcc/6.2.0native/x86_64-slc6/bin/../libexec/gcc/x86_64-pc-linux-gnu/6.2.0/:/cvmfs/sft.cern.ch/lcg/contrib/gcc/6.2.0native/x86_64-slc6/bin/../libexec/gcc/
LIBRARY_PATH=/cvmfs/sft.cern.ch/lcg/contrib/gcc/6.2.0native/x86_64-slc6/bin/../lib/gcc/x86_64-pc-linux-gnu/6.2.0/:/cvmfs/sft.cern.ch/lcg/contrib/gcc/6.2.0native/x86_64-slc6/bin/../lib/gcc/:/cvmfs/sft.cern.ch/lcg/contrib/gcc/6.2.0native/x86_64-slc6/bin/../lib/gcc/x86_64-pc-linux-gnu/6.2.0/../../../../lib64/:/lib/../lib64/:/usr/lib/../lib64/:/cvmfs/sft.cern.ch/lcg/contrib/gcc/6.2.0native/x86_64-slc6/bin/../lib/gcc/x86_64-pc-linux-gnu/6.2.0/../../../:/lib/:/usr/lib/
COLLECT_GCC_OPTIONS='-v' '-o' 'cmTryCompileExec3310045692' '-rdynamic' '-mtune=generic' '-march=x86-64'
 /cvmfs/sft.cern.ch/lcg/contrib/gcc/6.2.0native/x86_64-slc6/bin/../libexec/gcc/x86_64-pc-linux-gnu/6.2.0/collect2 --eh-frame-hdr -m elf_x86_64 -export-dynamic -dynamic-linker /lib64/ld-linux-x86-64.so.2 -o cmTryCompileExec3310045692 /usr/lib/../lib64/crt1.o /usr/lib/../lib64/crti.o /cvmfs/sft.cern.ch/lcg/contrib/gcc/6.2.0native/x86_64-slc6/bin/../lib/gcc/x86_64-pc-linux-gnu/6.2.0/crtbegin.o -L/cvmfs/sft.cern.ch/lcg/contrib/gcc/6.2.0native/x86_64-slc6/bin/../lib/gcc/x86_64-pc-linux-gnu/6.2.0 -L/cvmfs/sft.cern.ch/lcg/contrib/gcc/6.2.0native/x86_64-slc6/bin/../lib/gcc -L/cvmfs/sft.cern.ch/lcg/contrib/gcc/6.2.0native/x86_64-slc6/bin/../lib/gcc/x86_64-pc-linux-gnu/6.2.0/../../../../lib64 -L/lib/../lib64 -L/usr/lib/../lib64 -L/cvmfs/sft.cern.ch/lcg/contrib/gcc/6.2.0native/x86_64-slc6/bin/../lib/gcc/x86_64-pc-linux-gnu/6.2.0/../../.. CMakeFiles/cmTryCompileExec3310045692.dir/CMakeCCompilerABI.c.o -lgcc --as-needed -lgcc_s --no-as-needed -lc -lgcc --as-needed -lgcc_s --no-as-needed /cvmfs/sft.cern.ch/lcg/contrib/gcc/6.2.0native/x86_64-slc6/bin/../lib/gcc/x86_64-pc-linux-gnu/6.2.0/crtend.o /usr/lib/../lib64/crtn.o
COLLECT_GCC_OPTIONS='-v' '-o' 'cmTryCompileExec3310045692' '-rdynamic' '-mtune=generic' '-march=x86-64'
gmake[1]: Leaving directory '/home/daniellee1004/Geant/CMakeFiles/CMakeTmp'


Parsed C implicit link information from above output:
  link line regex: [^( *|.*[/\])(ld|([^/\]+-)?ld|collect2)[^/\]*( |$)]
  ignore line: [Change Dir: /home/daniellee1004/Geant/CMakeFiles/CMakeTmp]
  ignore line: []
  ignore line: [Run Build Command:/cvmfs/cms.cern.ch/slc6_amd64_gcc630/cms/cmssw/CMSSW_9_4_4/external/slc6_amd64_gcc630/bin/gmake "cmTryCompileExec3310045692/fast"]
  ignore line: [/cvmfs/cms.cern.ch/slc6_amd64_gcc630/cms/cmssw/CMSSW_9_4_4/external/slc6_amd64_gcc630/bin/gmake -f CMakeFiles/cmTryCompileExec3310045692.dir/build.make CMakeFiles/cmTryCompileExec3310045692.dir/build]
  ignore line: [gmake[1]: Entering directory '/home/daniellee1004/Geant/CMakeFiles/CMakeTmp']
  ignore line: [/usr/bin/cmake -E cmake_progress_report /home/daniellee1004/Geant/CMakeFiles/CMakeTmp/CMakeFiles 1]
  ignore line: [Building C object CMakeFiles/cmTryCompileExec3310045692.dir/CMakeCCompilerABI.c.o]
  ignore line: [/cvmfs/sft.cern.ch/lcg/contrib/gcc/6.2/x86_64-slc6/bin/gcc    -o CMakeFiles/cmTryCompileExec3310045692.dir/CMakeCCompilerABI.c.o   -c /usr/share/cmake/Modules/CMakeCCompilerABI.c]
  ignore line: [Linking C executable cmTryCompileExec3310045692]
  ignore line: [/usr/bin/cmake -E cmake_link_script CMakeFiles/cmTryCompileExec3310045692.dir/link.txt --verbose=1]
  ignore line: [/cvmfs/sft.cern.ch/lcg/contrib/gcc/6.2/x86_64-slc6/bin/gcc     -v CMakeFiles/cmTryCompileExec3310045692.dir/CMakeCCompilerABI.c.o  -o cmTryCompileExec3310045692 -rdynamic  ]
  ignore line: [Using built-in specs.]
  ignore line: [COLLECT_GCC=/cvmfs/sft.cern.ch/lcg/contrib/gcc/6.2/x86_64-slc6/bin/gcc]
  ignore line: [COLLECT_LTO_WRAPPER=/cvmfs/sft.cern.ch/lcg/contrib/gcc/6.2.0native/x86_64-slc6/bin/../libexec/gcc/x86_64-pc-linux-gnu/6.2.0/lto-wrapper]
  ignore line: [Target: x86_64-pc-linux-gnu]
  ignore line: [Configured with: ../gcc-6.2.0/configure --prefix=/build/pmendez-sftnight/install-620local -with-system-zlib --disable-multilib --enable-languages=all]
  ignore line: [Thread model: posix]
  ignore line: [gcc version 6.2.0 (GCC) ]
  ignore line: [COMPILER_PATH=/cvmfs/sft.cern.ch/lcg/contrib/gcc/6.2.0native/x86_64-slc6/bin/../libexec/gcc/x86_64-pc-linux-gnu/6.2.0/:/cvmfs/sft.cern.ch/lcg/contrib/gcc/6.2.0native/x86_64-slc6/bin/../libexec/gcc/]
  ignore line: [LIBRARY_PATH=/cvmfs/sft.cern.ch/lcg/contrib/gcc/6.2.0native/x86_64-slc6/bin/../lib/gcc/x86_64-pc-linux-gnu/6.2.0/:/cvmfs/sft.cern.ch/lcg/contrib/gcc/6.2.0native/x86_64-slc6/bin/../lib/gcc/:/cvmfs/sft.cern.ch/lcg/contrib/gcc/6.2.0native/x86_64-slc6/bin/../lib/gcc/x86_64-pc-linux-gnu/6.2.0/../../../../lib64/:/lib/../lib64/:/usr/lib/../lib64/:/cvmfs/sft.cern.ch/lcg/contrib/gcc/6.2.0native/x86_64-slc6/bin/../lib/gcc/x86_64-pc-linux-gnu/6.2.0/../../../:/lib/:/usr/lib/]
  ignore line: [COLLECT_GCC_OPTIONS='-v' '-o' 'cmTryCompileExec3310045692' '-rdynamic' '-mtune=generic' '-march=x86-64']
  link line: [ /cvmfs/sft.cern.ch/lcg/contrib/gcc/6.2.0native/x86_64-slc6/bin/../libexec/gcc/x86_64-pc-linux-gnu/6.2.0/collect2 --eh-frame-hdr -m elf_x86_64 -export-dynamic -dynamic-linker /lib64/ld-linux-x86-64.so.2 -o cmTryCompileExec3310045692 /usr/lib/../lib64/crt1.o /usr/lib/../lib64/crti.o /cvmfs/sft.cern.ch/lcg/contrib/gcc/6.2.0native/x86_64-slc6/bin/../lib/gcc/x86_64-pc-linux-gnu/6.2.0/crtbegin.o -L/cvmfs/sft.cern.ch/lcg/contrib/gcc/6.2.0native/x86_64-slc6/bin/../lib/gcc/x86_64-pc-linux-gnu/6.2.0 -L/cvmfs/sft.cern.ch/lcg/contrib/gcc/6.2.0native/x86_64-slc6/bin/../lib/gcc -L/cvmfs/sft.cern.ch/lcg/contrib/gcc/6.2.0native/x86_64-slc6/bin/../lib/gcc/x86_64-pc-linux-gnu/6.2.0/../../../../lib64 -L/lib/../lib64 -L/usr/lib/../lib64 -L/cvmfs/sft.cern.ch/lcg/contrib/gcc/6.2.0native/x86_64-slc6/bin/../lib/gcc/x86_64-pc-linux-gnu/6.2.0/../../.. CMakeFiles/cmTryCompileExec3310045692.dir/CMakeCCompilerABI.c.o -lgcc --as-needed -lgcc_s --no-as-needed -lc -lgcc --as-needed -lgcc_s --no-as-needed /cvmfs/sft.cern.ch/lcg/contrib/gcc/6.2.0native/x86_64-slc6/bin/../lib/gcc/x86_64-pc-linux-gnu/6.2.0/crtend.o /usr/lib/../lib64/crtn.o]
    arg [/cvmfs/sft.cern.ch/lcg/contrib/gcc/6.2.0native/x86_64-slc6/bin/../libexec/gcc/x86_64-pc-linux-gnu/6.2.0/collect2] ==> ignore
    arg [--eh-frame-hdr] ==> ignore
    arg [-m] ==> ignore
    arg [elf_x86_64] ==> ignore
    arg [-export-dynamic] ==> ignore
    arg [-dynamic-linker] ==> ignore
    arg [/lib64/ld-linux-x86-64.so.2] ==> ignore
    arg [-o] ==> ignore
    arg [cmTryCompileExec3310045692] ==> ignore
    arg [/usr/lib/../lib64/crt1.o] ==> ignore
    arg [/usr/lib/../lib64/crti.o] ==> ignore
    arg [/cvmfs/sft.cern.ch/lcg/contrib/gcc/6.2.0native/x86_64-slc6/bin/../lib/gcc/x86_64-pc-linux-gnu/6.2.0/crtbegin.o] ==> ignore
    arg [-L/cvmfs/sft.cern.ch/lcg/contrib/gcc/6.2.0native/x86_64-slc6/bin/../lib/gcc/x86_64-pc-linux-gnu/6.2.0] ==> dir [/cvmfs/sft.cern.ch/lcg/contrib/gcc/6.2.0native/x86_64-slc6/bin/../lib/gcc/x86_64-pc-linux-gnu/6.2.0]
    arg [-L/cvmfs/sft.cern.ch/lcg/contrib/gcc/6.2.0native/x86_64-slc6/bin/../lib/gcc] ==> dir [/cvmfs/sft.cern.ch/lcg/contrib/gcc/6.2.0native/x86_64-slc6/bin/../lib/gcc]
    arg [-L/cvmfs/sft.cern.ch/lcg/contrib/gcc/6.2.0native/x86_64-slc6/bin/../lib/gcc/x86_64-pc-linux-gnu/6.2.0/../../../../lib64] ==> dir [/cvmfs/sft.cern.ch/lcg/contrib/gcc/6.2.0native/x86_64-slc6/bin/../lib/gcc/x86_64-pc-linux-gnu/6.2.0/../../../../lib64]
    arg [-L/lib/../lib64] ==> dir [/lib/../lib64]
    arg [-L/usr/lib/../lib64] ==> dir [/usr/lib/../lib64]
    arg [-L/cvmfs/sft.cern.ch/lcg/contrib/gcc/6.2.0native/x86_64-slc6/bin/../lib/gcc/x86_64-pc-linux-gnu/6.2.0/../../..] ==> dir [/cvmfs/sft.cern.ch/lcg/contrib/gcc/6.2.0native/x86_64-slc6/bin/../lib/gcc/x86_64-pc-linux-gnu/6.2.0/../../..]
    arg [CMakeFiles/cmTryCompileExec3310045692.dir/CMakeCCompilerABI.c.o] ==> ignore
    arg [-lgcc] ==> lib [gcc]
    arg [--as-needed] ==> ignore
    arg [-lgcc_s] ==> lib [gcc_s]
    arg [--no-as-needed] ==> ignore
    arg [-lc] ==> lib [c]
    arg [-lgcc] ==> lib [gcc]
    arg [--as-needed] ==> ignore
    arg [-lgcc_s] ==> lib [gcc_s]
    arg [--no-as-needed] ==> ignore
    arg [/cvmfs/sft.cern.ch/lcg/contrib/gcc/6.2.0native/x86_64-slc6/bin/../lib/gcc/x86_64-pc-linux-gnu/6.2.0/crtend.o] ==> ignore
    arg [/usr/lib/../lib64/crtn.o] ==> ignore
  remove lib [gcc]
  remove lib [gcc_s]
  remove lib [gcc]
  remove lib [gcc_s]
  collapse library dir [/cvmfs/sft.cern.ch/lcg/contrib/gcc/6.2.0native/x86_64-slc6/bin/../lib/gcc/x86_64-pc-linux-gnu/6.2.0] ==> [/cvmfs/sft.cern.ch/lcg/contrib/gcc/6.2.0native/x86_64-slc6/lib/gcc/x86_64-pc-linux-gnu/6.2.0]
  collapse library dir [/cvmfs/sft.cern.ch/lcg/contrib/gcc/6.2.0native/x86_64-slc6/bin/../lib/gcc] ==> [/cvmfs/sft.cern.ch/lcg/contrib/gcc/6.2.0native/x86_64-slc6/lib/gcc]
  collapse library dir [/cvmfs/sft.cern.ch/lcg/contrib/gcc/6.2.0native/x86_64-slc6/bin/../lib/gcc/x86_64-pc-linux-gnu/6.2.0/../../../../lib64] ==> [/cvmfs/sft.cern.ch/lcg/contrib/gcc/6.2.0native/x86_64-slc6/lib64]
  collapse library dir [/lib/../lib64] ==> [/lib64]
  collapse library dir [/usr/lib/../lib64] ==> [/usr/lib64]
  collapse library dir [/cvmfs/sft.cern.ch/lcg/contrib/gcc/6.2.0native/x86_64-slc6/bin/../lib/gcc/x86_64-pc-linux-gnu/6.2.0/../../..] ==> [/cvmfs/sft.cern.ch/lcg/contrib/gcc/6.2.0native/x86_64-slc6/lib]
  implicit libs: [c]
  implicit dirs: [/cvmfs/sft.cern.ch/lcg/contrib/gcc/6.2.0native/x86_64-slc6/lib/gcc/x86_64-pc-linux-gnu/6.2.0;/cvmfs/sft.cern.ch/lcg/contrib/gcc/6.2.0native/x86_64-slc6/lib/gcc;/cvmfs/sft.cern.ch/lcg/contrib/gcc/6.2.0native/x86_64-slc6/lib64;/lib64;/usr/lib64;/cvmfs/sft.cern.ch/lcg/contrib/gcc/6.2.0native/x86_64-slc6/lib]
  implicit fwks: []


Determining if the CXX compiler works passed with the following output:
Change Dir: /home/daniellee1004/Geant/CMakeFiles/CMakeTmp

Run Build Command:/cvmfs/cms.cern.ch/slc6_amd64_gcc630/cms/cmssw/CMSSW_9_4_4/external/slc6_amd64_gcc630/bin/gmake "cmTryCompileExec109054823/fast"
/cvmfs/cms.cern.ch/slc6_amd64_gcc630/cms/cmssw/CMSSW_9_4_4/external/slc6_amd64_gcc630/bin/gmake -f CMakeFiles/cmTryCompileExec109054823.dir/build.make CMakeFiles/cmTryCompileExec109054823.dir/build
gmake[1]: Entering directory '/home/daniellee1004/Geant/CMakeFiles/CMakeTmp'
/usr/bin/cmake -E cmake_progress_report /home/daniellee1004/Geant/CMakeFiles/CMakeTmp/CMakeFiles 1
Building CXX object CMakeFiles/cmTryCompileExec109054823.dir/testCXXCompiler.cxx.o
/cvmfs/sft.cern.ch/lcg/contrib/gcc/6.2/x86_64-slc6/bin/g++     -o CMakeFiles/cmTryCompileExec109054823.dir/testCXXCompiler.cxx.o -c /home/daniellee1004/Geant/CMakeFiles/CMakeTmp/testCXXCompiler.cxx
Linking CXX executable cmTryCompileExec109054823
/usr/bin/cmake -E cmake_link_script CMakeFiles/cmTryCompileExec109054823.dir/link.txt --verbose=1
/cvmfs/sft.cern.ch/lcg/contrib/gcc/6.2/x86_64-slc6/bin/g++        CMakeFiles/cmTryCompileExec109054823.dir/testCXXCompiler.cxx.o  -o cmTryCompileExec109054823 -rdynamic 
gmake[1]: Leaving directory '/home/daniellee1004/Geant/CMakeFiles/CMakeTmp'


Detecting CXX compiler ABI info compiled with the following output:
Change Dir: /home/daniellee1004/Geant/CMakeFiles/CMakeTmp

Run Build Command:/cvmfs/cms.cern.ch/slc6_amd64_gcc630/cms/cmssw/CMSSW_9_4_4/external/slc6_amd64_gcc630/bin/gmake "cmTryCompileExec2694677290/fast"
/cvmfs/cms.cern.ch/slc6_amd64_gcc630/cms/cmssw/CMSSW_9_4_4/external/slc6_amd64_gcc630/bin/gmake -f CMakeFiles/cmTryCompileExec2694677290.dir/build.make CMakeFiles/cmTryCompileExec2694677290.dir/build
gmake[1]: Entering directory '/home/daniellee1004/Geant/CMakeFiles/CMakeTmp'
/usr/bin/cmake -E cmake_progress_report /home/daniellee1004/Geant/CMakeFiles/CMakeTmp/CMakeFiles 1
Building CXX object CMakeFiles/cmTryCompileExec2694677290.dir/CMakeCXXCompilerABI.cpp.o
/cvmfs/sft.cern.ch/lcg/contrib/gcc/6.2/x86_64-slc6/bin/g++     -o CMakeFiles/cmTryCompileExec2694677290.dir/CMakeCXXCompilerABI.cpp.o -c /usr/share/cmake/Modules/CMakeCXXCompilerABI.cpp
Linking CXX executable cmTryCompileExec2694677290
/usr/bin/cmake -E cmake_link_script CMakeFiles/cmTryCompileExec2694677290.dir/link.txt --verbose=1
/cvmfs/sft.cern.ch/lcg/contrib/gcc/6.2/x86_64-slc6/bin/g++      -v CMakeFiles/cmTryCompileExec2694677290.dir/CMakeCXXCompilerABI.cpp.o  -o cmTryCompileExec2694677290 -rdynamic  
Using built-in specs.
COLLECT_GCC=/cvmfs/sft.cern.ch/lcg/contrib/gcc/6.2/x86_64-slc6/bin/g++
COLLECT_LTO_WRAPPER=/cvmfs/sft.cern.ch/lcg/contrib/gcc/6.2.0native/x86_64-slc6/bin/../libexec/gcc/x86_64-pc-linux-gnu/6.2.0/lto-wrapper
Target: x86_64-pc-linux-gnu
Configured with: ../gcc-6.2.0/configure --prefix=/build/pmendez-sftnight/install-620local -with-system-zlib --disable-multilib --enable-languages=all
Thread model: posix
gcc version 6.2.0 (GCC) 
COMPILER_PATH=/cvmfs/sft.cern.ch/lcg/contrib/gcc/6.2.0native/x86_64-slc6/bin/../libexec/gcc/x86_64-pc-linux-gnu/6.2.0/:/cvmfs/sft.cern.ch/lcg/contrib/gcc/6.2.0native/x86_64-slc6/bin/../libexec/gcc/
LIBRARY_PATH=/cvmfs/sft.cern.ch/lcg/contrib/gcc/6.2.0native/x86_64-slc6/bin/../lib/gcc/x86_64-pc-linux-gnu/6.2.0/:/cvmfs/sft.cern.ch/lcg/contrib/gcc/6.2.0native/x86_64-slc6/bin/../lib/gcc/:/cvmfs/sft.cern.ch/lcg/contrib/gcc/6.2.0native/x86_64-slc6/bin/../lib/gcc/x86_64-pc-linux-gnu/6.2.0/../../../../lib64/:/lib/../lib64/:/usr/lib/../lib64/:/cvmfs/sft.cern.ch/lcg/contrib/gcc/6.2.0native/x86_64-slc6/bin/../lib/gcc/x86_64-pc-linux-gnu/6.2.0/../../../:/lib/:/usr/lib/
COLLECT_GCC_OPTIONS='-v' '-o' 'cmTryCompileExec2694677290' '-rdynamic' '-shared-libgcc' '-mtune=generic' '-march=x86-64'
 /cvmfs/sft.cern.ch/lcg/contrib/gcc/6.2.0native/x86_64-slc6/bin/../libexec/gcc/x86_64-pc-linux-gnu/6.2.0/collect2 --eh-frame-hdr -m elf_x86_64 -export-dynamic -dynamic-linker /lib64/ld-linux-x86-64.so.2 -o cmTryCompileExec2694677290 /usr/lib/../lib64/crt1.o /usr/lib/../lib64/crti.o /cvmfs/sft.cern.ch/lcg/contrib/gcc/6.2.0native/x86_64-slc6/bin/../lib/gcc/x86_64-pc-linux-gnu/6.2.0/crtbegin.o -L/cvmfs/sft.cern.ch/lcg/contrib/gcc/6.2.0native/x86_64-slc6/bin/../lib/gcc/x86_64-pc-linux-gnu/6.2.0 -L/cvmfs/sft.cern.ch/lcg/contrib/gcc/6.2.0native/x86_64-slc6/bin/../lib/gcc -L/cvmfs/sft.cern.ch/lcg/contrib/gcc/6.2.0native/x86_64-slc6/bin/../lib/gcc/x86_64-pc-linux-gnu/6.2.0/../../../../lib64 -L/lib/../lib64 -L/usr/lib/../lib64 -L/cvmfs/sft.cern.ch/lcg/contrib/gcc/6.2.0native/x86_64-slc6/bin/../lib/gcc/x86_64-pc-linux-gnu/6.2.0/../../.. CMakeFiles/cmTryCompileExec2694677290.dir/CMakeCXXCompilerABI.cpp.o -lstdc++ -lm -lgcc_s -lgcc -lc -lgcc_s -lgcc /cvmfs/sft.cern.ch/lcg/contrib/gcc/6.2.0native/x86_64-slc6/bin/../lib/gcc/x86_64-pc-linux-gnu/6.2.0/crtend.o /usr/lib/../lib64/crtn.o
COLLECT_GCC_OPTIONS='-v' '-o' 'cmTryCompileExec2694677290' '-rdynamic' '-shared-libgcc' '-mtune=generic' '-march=x86-64'
gmake[1]: Leaving directory '/home/daniellee1004/Geant/CMakeFiles/CMakeTmp'


Parsed CXX implicit link information from above output:
  link line regex: [^( *|.*[/\])(ld|([^/\]+-)?ld|collect2)[^/\]*( |$)]
  ignore line: [Change Dir: /home/daniellee1004/Geant/CMakeFiles/CMakeTmp]
  ignore line: []
  ignore line: [Run Build Command:/cvmfs/cms.cern.ch/slc6_amd64_gcc630/cms/cmssw/CMSSW_9_4_4/external/slc6_amd64_gcc630/bin/gmake "cmTryCompileExec2694677290/fast"]
  ignore line: [/cvmfs/cms.cern.ch/slc6_amd64_gcc630/cms/cmssw/CMSSW_9_4_4/external/slc6_amd64_gcc630/bin/gmake -f CMakeFiles/cmTryCompileExec2694677290.dir/build.make CMakeFiles/cmTryCompileExec2694677290.dir/build]
  ignore line: [gmake[1]: Entering directory '/home/daniellee1004/Geant/CMakeFiles/CMakeTmp']
  ignore line: [/usr/bin/cmake -E cmake_progress_report /home/daniellee1004/Geant/CMakeFiles/CMakeTmp/CMakeFiles 1]
  ignore line: [Building CXX object CMakeFiles/cmTryCompileExec2694677290.dir/CMakeCXXCompilerABI.cpp.o]
  ignore line: [/cvmfs/sft.cern.ch/lcg/contrib/gcc/6.2/x86_64-slc6/bin/g++     -o CMakeFiles/cmTryCompileExec2694677290.dir/CMakeCXXCompilerABI.cpp.o -c /usr/share/cmake/Modules/CMakeCXXCompilerABI.cpp]
  ignore line: [Linking CXX executable cmTryCompileExec2694677290]
  ignore line: [/usr/bin/cmake -E cmake_link_script CMakeFiles/cmTryCompileExec2694677290.dir/link.txt --verbose=1]
  ignore line: [/cvmfs/sft.cern.ch/lcg/contrib/gcc/6.2/x86_64-slc6/bin/g++      -v CMakeFiles/cmTryCompileExec2694677290.dir/CMakeCXXCompilerABI.cpp.o  -o cmTryCompileExec2694677290 -rdynamic  ]
  ignore line: [Using built-in specs.]
  ignore line: [COLLECT_GCC=/cvmfs/sft.cern.ch/lcg/contrib/gcc/6.2/x86_64-slc6/bin/g++]
  ignore line: [COLLECT_LTO_WRAPPER=/cvmfs/sft.cern.ch/lcg/contrib/gcc/6.2.0native/x86_64-slc6/bin/../libexec/gcc/x86_64-pc-linux-gnu/6.2.0/lto-wrapper]
  ignore line: [Target: x86_64-pc-linux-gnu]
  ignore line: [Configured with: ../gcc-6.2.0/configure --prefix=/build/pmendez-sftnight/install-620local -with-system-zlib --disable-multilib --enable-languages=all]
  ignore line: [Thread model: posix]
  ignore line: [gcc version 6.2.0 (GCC) ]
  ignore line: [COMPILER_PATH=/cvmfs/sft.cern.ch/lcg/contrib/gcc/6.2.0native/x86_64-slc6/bin/../libexec/gcc/x86_64-pc-linux-gnu/6.2.0/:/cvmfs/sft.cern.ch/lcg/contrib/gcc/6.2.0native/x86_64-slc6/bin/../libexec/gcc/]
  ignore line: [LIBRARY_PATH=/cvmfs/sft.cern.ch/lcg/contrib/gcc/6.2.0native/x86_64-slc6/bin/../lib/gcc/x86_64-pc-linux-gnu/6.2.0/:/cvmfs/sft.cern.ch/lcg/contrib/gcc/6.2.0native/x86_64-slc6/bin/../lib/gcc/:/cvmfs/sft.cern.ch/lcg/contrib/gcc/6.2.0native/x86_64-slc6/bin/../lib/gcc/x86_64-pc-linux-gnu/6.2.0/../../../../lib64/:/lib/../lib64/:/usr/lib/../lib64/:/cvmfs/sft.cern.ch/lcg/contrib/gcc/6.2.0native/x86_64-slc6/bin/../lib/gcc/x86_64-pc-linux-gnu/6.2.0/../../../:/lib/:/usr/lib/]
  ignore line: [COLLECT_GCC_OPTIONS='-v' '-o' 'cmTryCompileExec2694677290' '-rdynamic' '-shared-libgcc' '-mtune=generic' '-march=x86-64']
  link line: [ /cvmfs/sft.cern.ch/lcg/contrib/gcc/6.2.0native/x86_64-slc6/bin/../libexec/gcc/x86_64-pc-linux-gnu/6.2.0/collect2 --eh-frame-hdr -m elf_x86_64 -export-dynamic -dynamic-linker /lib64/ld-linux-x86-64.so.2 -o cmTryCompileExec2694677290 /usr/lib/../lib64/crt1.o /usr/lib/../lib64/crti.o /cvmfs/sft.cern.ch/lcg/contrib/gcc/6.2.0native/x86_64-slc6/bin/../lib/gcc/x86_64-pc-linux-gnu/6.2.0/crtbegin.o -L/cvmfs/sft.cern.ch/lcg/contrib/gcc/6.2.0native/x86_64-slc6/bin/../lib/gcc/x86_64-pc-linux-gnu/6.2.0 -L/cvmfs/sft.cern.ch/lcg/contrib/gcc/6.2.0native/x86_64-slc6/bin/../lib/gcc -L/cvmfs/sft.cern.ch/lcg/contrib/gcc/6.2.0native/x86_64-slc6/bin/../lib/gcc/x86_64-pc-linux-gnu/6.2.0/../../../../lib64 -L/lib/../lib64 -L/usr/lib/../lib64 -L/cvmfs/sft.cern.ch/lcg/contrib/gcc/6.2.0native/x86_64-slc6/bin/../lib/gcc/x86_64-pc-linux-gnu/6.2.0/../../.. CMakeFiles/cmTryCompileExec2694677290.dir/CMakeCXXCompilerABI.cpp.o -lstdc++ -lm -lgcc_s -lgcc -lc -lgcc_s -lgcc /cvmfs/sft.cern.ch/lcg/contrib/gcc/6.2.0native/x86_64-slc6/bin/../lib/gcc/x86_64-pc-linux-gnu/6.2.0/crtend.o /usr/lib/../lib64/crtn.o]
    arg [/cvmfs/sft.cern.ch/lcg/contrib/gcc/6.2.0native/x86_64-slc6/bin/../libexec/gcc/x86_64-pc-linux-gnu/6.2.0/collect2] ==> ignore
    arg [--eh-frame-hdr] ==> ignore
    arg [-m] ==> ignore
    arg [elf_x86_64] ==> ignore
    arg [-export-dynamic] ==> ignore
    arg [-dynamic-linker] ==> ignore
    arg [/lib64/ld-linux-x86-64.so.2] ==> ignore
    arg [-o] ==> ignore
    arg [cmTryCompileExec2694677290] ==> ignore
    arg [/usr/lib/../lib64/crt1.o] ==> ignore
    arg [/usr/lib/../lib64/crti.o] ==> ignore
    arg [/cvmfs/sft.cern.ch/lcg/contrib/gcc/6.2.0native/x86_64-slc6/bin/../lib/gcc/x86_64-pc-linux-gnu/6.2.0/crtbegin.o] ==> ignore
    arg [-L/cvmfs/sft.cern.ch/lcg/contrib/gcc/6.2.0native/x86_64-slc6/bin/../lib/gcc/x86_64-pc-linux-gnu/6.2.0] ==> dir [/cvmfs/sft.cern.ch/lcg/contrib/gcc/6.2.0native/x86_64-slc6/bin/../lib/gcc/x86_64-pc-linux-gnu/6.2.0]
    arg [-L/cvmfs/sft.cern.ch/lcg/contrib/gcc/6.2.0native/x86_64-slc6/bin/../lib/gcc] ==> dir [/cvmfs/sft.cern.ch/lcg/contrib/gcc/6.2.0native/x86_64-slc6/bin/../lib/gcc]
    arg [-L/cvmfs/sft.cern.ch/lcg/contrib/gcc/6.2.0native/x86_64-slc6/bin/../lib/gcc/x86_64-pc-linux-gnu/6.2.0/../../../../lib64] ==> dir [/cvmfs/sft.cern.ch/lcg/contrib/gcc/6.2.0native/x86_64-slc6/bin/../lib/gcc/x86_64-pc-linux-gnu/6.2.0/../../../../lib64]
    arg [-L/lib/../lib64] ==> dir [/lib/../lib64]
    arg [-L/usr/lib/../lib64] ==> dir [/usr/lib/../lib64]
    arg [-L/cvmfs/sft.cern.ch/lcg/contrib/gcc/6.2.0native/x86_64-slc6/bin/../lib/gcc/x86_64-pc-linux-gnu/6.2.0/../../..] ==> dir [/cvmfs/sft.cern.ch/lcg/contrib/gcc/6.2.0native/x86_64-slc6/bin/../lib/gcc/x86_64-pc-linux-gnu/6.2.0/../../..]
    arg [CMakeFiles/cmTryCompileExec2694677290.dir/CMakeCXXCompilerABI.cpp.o] ==> ignore
    arg [-lstdc++] ==> lib [stdc++]
    arg [-lm] ==> lib [m]
    arg [-lgcc_s] ==> lib [gcc_s]
    arg [-lgcc] ==> lib [gcc]
    arg [-lc] ==> lib [c]
    arg [-lgcc_s] ==> lib [gcc_s]
    arg [-lgcc] ==> lib [gcc]
    arg [/cvmfs/sft.cern.ch/lcg/contrib/gcc/6.2.0native/x86_64-slc6/bin/../lib/gcc/x86_64-pc-linux-gnu/6.2.0/crtend.o] ==> ignore
    arg [/usr/lib/../lib64/crtn.o] ==> ignore
  remove lib [gcc_s]
  remove lib [gcc]
  remove lib [gcc_s]
  remove lib [gcc]
  collapse library dir [/cvmfs/sft.cern.ch/lcg/contrib/gcc/6.2.0native/x86_64-slc6/bin/../lib/gcc/x86_64-pc-linux-gnu/6.2.0] ==> [/cvmfs/sft.cern.ch/lcg/contrib/gcc/6.2.0native/x86_64-slc6/lib/gcc/x86_64-pc-linux-gnu/6.2.0]
  collapse library dir [/cvmfs/sft.cern.ch/lcg/contrib/gcc/6.2.0native/x86_64-slc6/bin/../lib/gcc] ==> [/cvmfs/sft.cern.ch/lcg/contrib/gcc/6.2.0native/x86_64-slc6/lib/gcc]
  collapse library dir [/cvmfs/sft.cern.ch/lcg/contrib/gcc/6.2.0native/x86_64-slc6/bin/../lib/gcc/x86_64-pc-linux-gnu/6.2.0/../../../../lib64] ==> [/cvmfs/sft.cern.ch/lcg/contrib/gcc/6.2.0native/x86_64-slc6/lib64]
  collapse library dir [/lib/../lib64] ==> [/lib64]
  collapse library dir [/usr/lib/../lib64] ==> [/usr/lib64]
  collapse library dir [/cvmfs/sft.cern.ch/lcg/contrib/gcc/6.2.0native/x86_64-slc6/bin/../lib/gcc/x86_64-pc-linux-gnu/6.2.0/../../..] ==> [/cvmfs/sft.cern.ch/lcg/contrib/gcc/6.2.0native/x86_64-slc6/lib]
  implicit libs: [stdc++;m;c]
  implicit dirs: [/cvmfs/sft.cern.ch/lcg/contrib/gcc/6.2.0native/x86_64-slc6/lib/gcc/x86_64-pc-linux-gnu/6.2.0;/cvmfs/sft.cern.ch/lcg/contrib/gcc/6.2.0native/x86_64-slc6/lib/gcc;/cvmfs/sft.cern.ch/lcg/contrib/gcc/6.2.0native/x86_64-slc6/lib64;/lib64;/usr/lib64;/cvmfs/sft.cern.ch/lcg/contrib/gcc/6.2.0native/x86_64-slc6/lib]
  implicit fwks: []


